{"meta": {"format": 3, "version": "7.13.0", "timestamp": "2025-12-19T20:04:44.479993", "branch_coverage": false, "show_contexts": false}, "files": {"python/media_engine/__init__.py": {"executed_lines": [1, 21, 24, 25, 26, 27, 28, 29, 30, 31, 32, 44, 45, 46, 48], "summary": {"covered_lines": 14, "num_statements": 14, "percent_covered": 100.0, "percent_covered_display": "100", "missing_lines": 0, "excluded_lines": 0, "percent_statements_covered": 100.0, "percent_statements_covered_display": "100"}, "missing_lines": [], "excluded_lines": [], "functions": {"": {"executed_lines": [1, 21, 24, 25, 26, 27, 28, 29, 30, 31, 32, 44, 45, 46, 48], "summary": {"covered_lines": 14, "num_statements": 14, "percent_covered": 100.0, "percent_covered_display": "100", "missing_lines": 0, "excluded_lines": 0, "percent_statements_covered": 100.0, "percent_statements_covered_display": "100"}, "missing_lines": [], "excluded_lines": []}}, "classes": {"": {"executed_lines": [1, 21, 24, 25, 26, 27, 28, 29, 30, 31, 32, 44, 45, 46, 48], "summary": {"covered_lines": 14, "num_statements": 14, "percent_covered": 100.0, "percent_covered_display": "100", "missing_lines": 0, "excluded_lines": 0, "percent_statements_covered": 100.0, "percent_statements_covered_display": "100"}, "missing_lines": [], "excluded_lines": []}}}, "python/media_engine/assets/__init__.py": {"executed_lines": [1, 9, 13, 19], "summary": {"covered_lines": 3, "num_statements": 3, "percent_covered": 100.0, "percent_covered_display": "100", "missing_lines": 0, "excluded_lines": 0, "percent_statements_covered": 100.0, "percent_statements_covered_display": "100"}, "missing_lines": [], "excluded_lines": [], "functions": {"": {"executed_lines": [1, 9, 13, 19], "summary": {"covered_lines": 3, "num_statements": 3, "percent_covered": 100.0, "percent_covered_display": "100", "missing_lines": 0, "excluded_lines": 0, "percent_statements_covered": 100.0, "percent_statements_covered_display": "100"}, "missing_lines": [], "excluded_lines": []}}, "classes": {"": {"executed_lines": [1, 9, 13, 19], "summary": {"covered_lines": 3, "num_statements": 3, "percent_covered": 100.0, "percent_covered_display": "100", "missing_lines": 0, "excluded_lines": 0, "percent_statements_covered": 100.0, "percent_statements_covered_display": "100"}, "missing_lines": [], "excluded_lines": []}}}, "python/media_engine/assets/bundler.py": {"executed_lines": [1, 7, 8, 9, 10, 12, 14, 16, 20, 23, 24, 25, 27, 28, 29, 30, 31, 34, 182], "summary": {"covered_lines": 16, "num_statements": 91, "percent_covered": 17.582417582417584, "percent_covered_display": "18", "missing_lines": 75, "excluded_lines": 3, "percent_statements_covered": 17.582417582417584, "percent_statements_covered_display": "18"}, "missing_lines": [56, 57, 59, 62, 63, 64, 67, 68, 69, 71, 72, 77, 80, 81, 82, 85, 86, 87, 89, 90, 91, 92, 93, 95, 96, 97, 98, 101, 102, 103, 105, 106, 107, 108, 109, 113, 114, 115, 116, 120, 128, 129, 130, 131, 134, 143, 144, 145, 147, 148, 149, 150, 151, 153, 154, 155, 156, 157, 158, 161, 162, 163, 164, 165, 166, 170, 171, 173, 174, 176, 177, 179, 198, 201, 235], "excluded_lines": [16, 17, 18], "functions": {"bundle_project_assets": {"executed_lines": [], "summary": {"covered_lines": 0, "num_statements": 72, "percent_covered": 0.0, "percent_covered_display": "0", "missing_lines": 72, "excluded_lines": 0, "percent_statements_covered": 0.0, "percent_statements_covered_display": "0"}, "missing_lines": [56, 57, 59, 62, 63, 64, 67, 68, 69, 71, 72, 77, 80, 81, 82, 85, 86, 87, 89, 90, 91, 92, 93, 95, 96, 97, 98, 101, 102, 103, 105, 106, 107, 108, 109, 113, 114, 115, 116, 120, 128, 129, 130, 131, 134, 143, 144, 145, 147, 148, 149, 150, 151, 153, 154, 155, 156, 157, 158, 161, 162, 163, 164, 165, 166, 170, 171, 173, 174, 176, 177, 179], "excluded_lines": []}, "create_shared_css": {"executed_lines": [], "summary": {"covered_lines": 0, "num_statements": 3, "percent_covered": 0.0, "percent_covered_display": "0", "missing_lines": 3, "excluded_lines": 0, "percent_statements_covered": 0.0, "percent_statements_covered_display": "0"}, "missing_lines": [198, 201, 235], "excluded_lines": []}, "": {"executed_lines": [1, 7, 8, 9, 10, 12, 14, 16, 20, 23, 24, 25, 27, 28, 29, 30, 31, 34, 182], "summary": {"covered_lines": 16, "num_statements": 16, "percent_covered": 100.0, "percent_covered_display": "100", "missing_lines": 0, "excluded_lines": 3, "percent_statements_covered": 100.0, "percent_statements_covered_display": "100"}, "missing_lines": [], "excluded_lines": [16, 17, 18]}}, "classes": {"AssetBundle": {"executed_lines": [], "summary": {"covered_lines": 0, "num_statements": 0, "percent_covered": 100.0, "percent_covered_display": "100", "missing_lines": 0, "excluded_lines": 0, "percent_statements_covered": 100.0, "percent_statements_covered_display": "100"}, "missing_lines": [], "excluded_lines": []}, "": {"executed_lines": [1, 7, 8, 9, 10, 12, 14, 16, 20, 23, 24, 25, 27, 28, 29, 30, 31, 34, 182], "summary": {"covered_lines": 16, "num_statements": 91, "percent_covered": 17.582417582417584, "percent_covered_display": "18", "missing_lines": 75, "excluded_lines": 3, "percent_statements_covered": 17.582417582417584, "percent_statements_covered_display": "18"}, "missing_lines": [56, 57, 59, 62, 63, 64, 67, 68, 69, 71, 72, 77, 80, 81, 82, 85, 86, 87, 89, 90, 91, 92, 93, 95, 96, 97, 98, 101, 102, 103, 105, 106, 107, 108, 109, 113, 114, 115, 116, 120, 128, 129, 130, 131, 134, 143, 144, 145, 147, 148, 149, 150, 151, 153, 154, 155, 156, 157, 158, 161, 162, 163, 164, 165, 166, 170, 171, 173, 174, 176, 177, 179, 198, 201, 235], "excluded_lines": [16, 17, 18]}}}, "python/media_engine/assets/fonts.py": {"executed_lines": [1, 7, 8, 9, 10, 11, 13, 15, 18, 19, 20, 22, 23, 24, 28, 37, 46, 128, 203], "summary": {"covered_lines": 17, "num_statements": 97, "percent_covered": 17.52577319587629, "percent_covered_display": "18", "missing_lines": 80, "excluded_lines": 0, "percent_statements_covered": 17.52577319587629, "percent_statements_covered_display": "18"}, "missing_lines": [39, 40, 41, 62, 63, 66, 68, 70, 71, 72, 73, 76, 77, 78, 79, 80, 81, 83, 85, 86, 88, 89, 92, 96, 97, 98, 99, 100, 102, 103, 104, 106, 107, 108, 109, 111, 113, 115, 116, 120, 121, 122, 123, 125, 144, 145, 146, 148, 151, 154, 162, 163, 164, 166, 167, 168, 171, 172, 173, 176, 179, 180, 182, 184, 185, 186, 187, 188, 190, 192, 200, 219, 222, 223, 224, 227, 228, 229, 232, 234], "excluded_lines": [], "functions": {"get_google_fonts_url": {"executed_lines": [], "summary": {"covered_lines": 0, "num_statements": 3, "percent_covered": 0.0, "percent_covered_display": "0", "missing_lines": 3, "excluded_lines": 0, "percent_statements_covered": 0.0, "percent_statements_covered_display": "0"}, "missing_lines": [39, 40, 41], "excluded_lines": []}, "download_google_fonts": {"executed_lines": [], "summary": {"covered_lines": 0, "num_statements": 41, "percent_covered": 0.0, "percent_covered_display": "0", "missing_lines": 41, "excluded_lines": 0, "percent_statements_covered": 0.0, "percent_statements_covered_display": "0"}, "missing_lines": [62, 63, 66, 68, 70, 71, 72, 73, 76, 77, 78, 79, 80, 81, 83, 85, 86, 88, 89, 92, 96, 97, 98, 99, 100, 102, 103, 104, 106, 107, 108, 109, 111, 113, 115, 116, 120, 121, 122, 123, 125], "excluded_lines": []}, "generate_font_faces": {"executed_lines": [], "summary": {"covered_lines": 0, "num_statements": 27, "percent_covered": 0.0, "percent_covered_display": "0", "missing_lines": 27, "excluded_lines": 0, "percent_statements_covered": 0.0, "percent_statements_covered_display": "0"}, "missing_lines": [144, 145, 146, 148, 151, 154, 162, 163, 164, 166, 167, 168, 171, 172, 173, 176, 179, 180, 182, 184, 185, 186, 187, 188, 190, 192, 200], "excluded_lines": []}, "download_theme_fonts": {"executed_lines": [], "summary": {"covered_lines": 0, "num_statements": 9, "percent_covered": 0.0, "percent_covered_display": "0", "missing_lines": 9, "excluded_lines": 0, "percent_statements_covered": 0.0, "percent_statements_covered_display": "0"}, "missing_lines": [219, 222, 223, 224, 227, 228, 229, 232, 234], "excluded_lines": []}, "": {"executed_lines": [1, 7, 8, 9, 10, 11, 13, 15, 18, 19, 20, 22, 23, 24, 28, 37, 46, 128, 203], "summary": {"covered_lines": 17, "num_statements": 17, "percent_covered": 100.0, "percent_covered_display": "100", "missing_lines": 0, "excluded_lines": 0, "percent_statements_covered": 100.0, "percent_statements_covered_display": "100"}, "missing_lines": [], "excluded_lines": []}}, "classes": {"FontConfig": {"executed_lines": [], "summary": {"covered_lines": 0, "num_statements": 0, "percent_covered": 100.0, "percent_covered_display": "100", "missing_lines": 0, "excluded_lines": 0, "percent_statements_covered": 100.0, "percent_statements_covered_display": "100"}, "missing_lines": [], "excluded_lines": []}, "": {"executed_lines": [1, 7, 8, 9, 10, 11, 13, 15, 18, 19, 20, 22, 23, 24, 28, 37, 46, 128, 203], "summary": {"covered_lines": 17, "num_statements": 97, "percent_covered": 17.52577319587629, "percent_covered_display": "18", "missing_lines": 80, "excluded_lines": 0, "percent_statements_covered": 17.52577319587629, "percent_statements_covered_display": "18"}, "missing_lines": [39, 40, 41, 62, 63, 66, 68, 70, 71, 72, 73, 76, 77, 78, 79, 80, 81, 83, 85, 86, 88, 89, 92, 96, 97, 98, 99, 100, 102, 103, 104, 106, 107, 108, 109, 111, 113, 115, 116, 120, 121, 122, 123, 125, 144, 145, 146, 148, 151, 154, 162, 163, 164, 166, 167, 168, 171, 172, 173, 176, 179, 180, 182, 184, 185, 186, 187, 188, 190, 192, 200, 219, 222, 223, 224, 227, 228, 229, 232, 234], "excluded_lines": []}}}, "python/media_engine/audit/__init__.py": {"executed_lines": [1, 14, 15, 16, 17, 18, 19, 22, 23, 24, 26, 27, 28, 29, 30, 31, 32, 34, 35, 37, 38, 40, 41, 42, 45, 46, 54, 55, 56, 57, 58, 59, 61, 62, 63, 64, 66, 68, 70, 93, 96, 97, 100, 101, 103, 114, 115, 117, 119, 121, 122, 123, 124, 125, 126, 127, 128, 129, 130, 131, 132, 134, 155, 156, 158, 159, 160, 161, 162, 163, 166, 167, 168, 169, 170, 171, 172, 173, 174, 175, 177, 182, 184, 185, 187, 189, 191, 193, 195, 197, 198, 200, 202, 203, 204, 206, 208, 209, 211, 222, 224, 225, 226, 227, 228, 230, 231, 232, 233, 234, 235, 236, 237, 239, 241, 246, 249, 251, 252, 253, 254, 257, 261, 262, 265, 267, 268, 269, 275, 276, 279, 280, 281, 282, 283, 286, 287, 288, 289, 292, 293, 294, 295, 296, 297, 298, 301, 302, 303, 304, 307, 308, 309, 312, 313, 314, 317], "summary": {"covered_lines": 153, "num_statements": 155, "percent_covered": 98.70967741935483, "percent_covered_display": "99", "missing_lines": 2, "excluded_lines": 0, "percent_statements_covered": 98.70967741935483, "percent_statements_covered_display": "99"}, "missing_lines": [178, 179], "excluded_lines": [], "functions": {"AuditEntry.to_dict": {"executed_lines": [35], "summary": {"covered_lines": 1, "num_statements": 1, "percent_covered": 100.0, "percent_covered_display": "100", "missing_lines": 0, "excluded_lines": 0, "percent_statements_covered": 100.0, "percent_statements_covered_display": "100"}, "missing_lines": [], "excluded_lines": []}, "AuditEntry.to_json": {"executed_lines": [38], "summary": {"covered_lines": 1, "num_statements": 1, "percent_covered": 100.0, "percent_covered_display": "100", "missing_lines": 0, "excluded_lines": 0, "percent_statements_covered": 100.0, "percent_statements_covered_display": "100"}, "missing_lines": [], "excluded_lines": []}, "AuditEntry.from_dict": {"executed_lines": [42], "summary": {"covered_lines": 1, "num_statements": 1, "percent_covered": 100.0, "percent_covered_display": "100", "missing_lines": 0, "excluded_lines": 0, "percent_statements_covered": 100.0, "percent_statements_covered_display": "100"}, "missing_lines": [], "excluded_lines": []}, "AuditLogger.__init__": {"executed_lines": [62, 63, 64], "summary": {"covered_lines": 3, "num_statements": 3, "percent_covered": 100.0, "percent_covered_display": "100", "missing_lines": 0, "excluded_lines": 0, "percent_statements_covered": 100.0, "percent_statements_covered_display": "100"}, "missing_lines": [], "excluded_lines": []}, "AuditLogger._ensure_log_dir": {"executed_lines": [68], "summary": {"covered_lines": 1, "num_statements": 1, "percent_covered": 100.0, "percent_covered_display": "100", "missing_lines": 0, "excluded_lines": 0, "percent_statements_covered": 100.0, "percent_statements_covered_display": "100"}, "missing_lines": [], "excluded_lines": []}, "AuditLogger.log": {"executed_lines": [93, 96, 97, 100, 101, 103, 114, 115, 117], "summary": {"covered_lines": 9, "num_statements": 9, "percent_covered": 100.0, "percent_covered_display": "100", "missing_lines": 0, "excluded_lines": 0, "percent_statements_covered": 100.0, "percent_statements_covered_display": "100"}, "missing_lines": [], "excluded_lines": []}, "AuditLogger._infer_category": {"executed_lines": [121, 122, 123, 124, 125, 126, 127, 128, 129, 130, 131, 132], "summary": {"covered_lines": 12, "num_statements": 12, "percent_covered": 100.0, "percent_covered_display": "100", "missing_lines": 0, "excluded_lines": 0, "percent_statements_covered": 100.0, "percent_statements_covered_display": "100"}, "missing_lines": [], "excluded_lines": []}, "AuditLogger.get_entries": {"executed_lines": [155, 156, 158, 159, 160, 161, 162, 163, 166, 167, 168, 169, 170, 171, 172, 173, 174, 175, 177, 182, 184, 185, 187], "summary": {"covered_lines": 23, "num_statements": 25, "percent_covered": 92.0, "percent_covered_display": "92", "missing_lines": 2, "excluded_lines": 0, "percent_statements_covered": 92.0, "percent_statements_covered_display": "92"}, "missing_lines": [178, 179], "excluded_lines": []}, "AuditLogger.get_document_history": {"executed_lines": [191], "summary": {"covered_lines": 1, "num_statements": 1, "percent_covered": 100.0, "percent_covered_display": "100", "missing_lines": 0, "excluded_lines": 0, "percent_statements_covered": 100.0, "percent_statements_covered_display": "100"}, "missing_lines": [], "excluded_lines": []}, "AuditLogger.get_recent_activity": {"executed_lines": [195, 197, 198], "summary": {"covered_lines": 3, "num_statements": 3, "percent_covered": 100.0, "percent_covered_display": "100", "missing_lines": 0, "excluded_lines": 0, "percent_statements_covered": 100.0, "percent_statements_covered_display": "100"}, "missing_lines": [], "excluded_lines": []}, "AuditLogger.get_user_activity": {"executed_lines": [202, 203, 204], "summary": {"covered_lines": 3, "num_statements": 3, "percent_covered": 100.0, "percent_covered_display": "100", "missing_lines": 0, "excluded_lines": 0, "percent_statements_covered": 100.0, "percent_statements_covered_display": "100"}, "missing_lines": [], "excluded_lines": []}, "AuditLogger.clear": {"executed_lines": [208, 209], "summary": {"covered_lines": 2, "num_statements": 2, "percent_covered": 100.0, "percent_covered_display": "100", "missing_lines": 0, "excluded_lines": 0, "percent_statements_covered": 100.0, "percent_statements_covered_display": "100"}, "missing_lines": [], "excluded_lines": []}, "AuditLogger.export": {"executed_lines": [222, 224, 225, 226, 227, 228, 230, 231, 232, 233, 234, 235, 236, 237, 239, 241], "summary": {"covered_lines": 16, "num_statements": 16, "percent_covered": 100.0, "percent_covered_display": "100", "missing_lines": 0, "excluded_lines": 0, "percent_statements_covered": 100.0, "percent_statements_covered_display": "100"}, "missing_lines": [], "excluded_lines": []}, "get_logger": {"executed_lines": [251, 252, 253, 254], "summary": {"covered_lines": 4, "num_statements": 4, "percent_covered": 100.0, "percent_covered_display": "100", "missing_lines": 0, "excluded_lines": 0, "percent_statements_covered": 100.0, "percent_statements_covered_display": "100"}, "missing_lines": [], "excluded_lines": []}, "log_action": {"executed_lines": [261, 262], "summary": {"covered_lines": 2, "num_statements": 2, "percent_covered": 100.0, "percent_covered_display": "100", "missing_lines": 0, "excluded_lines": 0, "percent_statements_covered": 100.0, "percent_statements_covered_display": "100"}, "missing_lines": [], "excluded_lines": []}, "get_recent_entries": {"executed_lines": [267, 268, 269], "summary": {"covered_lines": 3, "num_statements": 3, "percent_covered": 100.0, "percent_covered_display": "100", "missing_lines": 0, "excluded_lines": 0, "percent_statements_covered": 100.0, "percent_statements_covered_display": "100"}, "missing_lines": [], "excluded_lines": []}, "": {"executed_lines": [1, 14, 15, 16, 17, 18, 19, 22, 23, 24, 26, 27, 28, 29, 30, 31, 32, 34, 37, 40, 41, 45, 46, 54, 55, 56, 57, 58, 59, 61, 66, 70, 119, 134, 189, 193, 200, 206, 211, 246, 249, 257, 265, 275, 276, 279, 280, 281, 282, 283, 286, 287, 288, 289, 292, 293, 294, 295, 296, 297, 298, 301, 302, 303, 304, 307, 308, 309, 312, 313, 314, 317], "summary": {"covered_lines": 68, "num_statements": 68, "percent_covered": 100.0, "percent_covered_display": "100", "missing_lines": 0, "excluded_lines": 0, "percent_statements_covered": 100.0, "percent_statements_covered_display": "100"}, "missing_lines": [], "excluded_lines": []}}, "classes": {"AuditEntry": {"executed_lines": [35, 38, 42], "summary": {"covered_lines": 3, "num_statements": 3, "percent_covered": 100.0, "percent_covered_display": "100", "missing_lines": 0, "excluded_lines": 0, "percent_statements_covered": 100.0, "percent_statements_covered_display": "100"}, "missing_lines": [], "excluded_lines": []}, "AuditLogger": {"executed_lines": [62, 63, 64, 68, 93, 96, 97, 100, 101, 103, 114, 115, 117, 121, 122, 123, 124, 125, 126, 127, 128, 129, 130, 131, 132, 155, 156, 158, 159, 160, 161, 162, 163, 166, 167, 168, 169, 170, 171, 172, 173, 174, 175, 177, 182, 184, 185, 187, 191, 195, 197, 198, 202, 203, 204, 208, 209, 222, 224, 225, 226, 227, 228, 230, 231, 232, 233, 234, 235, 236, 237, 239, 241], "summary": {"covered_lines": 73, "num_statements": 75, "percent_covered": 97.33333333333333, "percent_covered_display": "97", "missing_lines": 2, "excluded_lines": 0, "percent_statements_covered": 97.33333333333333, "percent_statements_covered_display": "97"}, "missing_lines": [178, 179], "excluded_lines": []}, "Actions": {"executed_lines": [], "summary": {"covered_lines": 0, "num_statements": 0, "percent_covered": 100.0, "percent_covered_display": "100", "missing_lines": 0, "excluded_lines": 0, "percent_statements_covered": 100.0, "percent_statements_covered_display": "100"}, "missing_lines": [], "excluded_lines": []}, "": {"executed_lines": [1, 14, 15, 16, 17, 18, 19, 22, 23, 24, 26, 27, 28, 29, 30, 31, 32, 34, 37, 40, 41, 45, 46, 54, 55, 56, 57, 58, 59, 61, 66, 70, 119, 134, 189, 193, 200, 206, 211, 246, 249, 251, 252, 253, 254, 257, 261, 262, 265, 267, 268, 269, 275, 276, 279, 280, 281, 282, 283, 286, 287, 288, 289, 292, 293, 294, 295, 296, 297, 298, 301, 302, 303, 304, 307, 308, 309, 312, 313, 314, 317], "summary": {"covered_lines": 77, "num_statements": 77, "percent_covered": 100.0, "percent_covered_display": "100", "missing_lines": 0, "excluded_lines": 0, "percent_statements_covered": 100.0, "percent_statements_covered_display": "100"}, "missing_lines": [], "excluded_lines": []}}}, "python/media_engine/builders/__init__.py": {"executed_lines": [1, 12, 13, 14, 16], "summary": {"covered_lines": 4, "num_statements": 4, "percent_covered": 100.0, "percent_covered_display": "100", "missing_lines": 0, "excluded_lines": 0, "percent_statements_covered": 100.0, "percent_statements_covered_display": "100"}, "missing_lines": [], "excluded_lines": [], "functions": {"": {"executed_lines": [1, 12, 13, 14, 16], "summary": {"covered_lines": 4, "num_statements": 4, "percent_covered": 100.0, "percent_covered_display": "100", "missing_lines": 0, "excluded_lines": 0, "percent_statements_covered": 100.0, "percent_statements_covered_display": "100"}, "missing_lines": [], "excluded_lines": []}}, "classes": {"": {"executed_lines": [1, 12, 13, 14, 16], "summary": {"covered_lines": 4, "num_statements": 4, "percent_covered": 100.0, "percent_covered_display": "100", "missing_lines": 0, "excluded_lines": 0, "percent_statements_covered": 100.0, "percent_statements_covered_display": "100"}, "missing_lines": [], "excluded_lines": []}}}, "python/media_engine/builders/html.py": {"executed_lines": [1, 16, 17, 18, 20, 21, 23, 28, 339, 340, 341, 343, 344, 345, 346, 347, 350, 351, 353, 360, 362, 363, 366, 388, 405, 408, 411, 414, 415, 416, 419, 430, 432, 449, 452, 453, 455, 456, 457, 461, 463, 493, 508, 509, 510, 513, 538], "summary": {"covered_lines": 43, "num_statements": 58, "percent_covered": 74.13793103448276, "percent_covered_display": "74", "missing_lines": 15, "excluded_lines": 2, "percent_statements_covered": 74.13793103448276, "percent_statements_covered_display": "74"}, "missing_lines": [459, 480, 482, 483, 484, 485, 487, 531, 532, 534, 535, 558, 559, 561, 562], "excluded_lines": [23, 24], "functions": {"HTMLBuilder.__init__": {"executed_lines": [360, 362, 363, 366], "summary": {"covered_lines": 4, "num_statements": 4, "percent_covered": 100.0, "percent_covered_display": "100", "missing_lines": 0, "excluded_lines": 0, "percent_statements_covered": 100.0, "percent_statements_covered_display": "100"}, "missing_lines": [], "excluded_lines": []}, "HTMLBuilder.build": {"executed_lines": [405, 408, 411, 414, 415, 416, 419, 430], "summary": {"covered_lines": 8, "num_statements": 8, "percent_covered": 100.0, "percent_covered_display": "100", "missing_lines": 0, "excluded_lines": 0, "percent_statements_covered": 100.0, "percent_statements_covered_display": "100"}, "missing_lines": [], "excluded_lines": []}, "HTMLBuilder.build_from_file": {"executed_lines": [449, 452, 453, 455, 456, 457, 461], "summary": {"covered_lines": 7, "num_statements": 8, "percent_covered": 87.5, "percent_covered_display": "88", "missing_lines": 1, "excluded_lines": 0, "percent_statements_covered": 87.5, "percent_statements_covered_display": "88"}, "missing_lines": [459], "excluded_lines": []}, "HTMLBuilder.build_combined": {"executed_lines": [], "summary": {"covered_lines": 0, "num_statements": 6, "percent_covered": 0.0, "percent_covered_display": "0", "missing_lines": 6, "excluded_lines": 0, "percent_statements_covered": 0.0, "percent_statements_covered_display": "0"}, "missing_lines": [480, 482, 483, 484, 485, 487], "excluded_lines": []}, "HTMLBuilder.save": {"executed_lines": [508, 509, 510], "summary": {"covered_lines": 3, "num_statements": 3, "percent_covered": 100.0, "percent_covered_display": "100", "missing_lines": 0, "excluded_lines": 0, "percent_statements_covered": 100.0, "percent_statements_covered_display": "100"}, "missing_lines": [], "excluded_lines": []}, "build_html": {"executed_lines": [], "summary": {"covered_lines": 0, "num_statements": 4, "percent_covered": 0.0, "percent_covered_display": "0", "missing_lines": 4, "excluded_lines": 0, "percent_statements_covered": 0.0, "percent_statements_covered_display": "0"}, "missing_lines": [531, 532, 534, 535], "excluded_lines": []}, "build_html_combined": {"executed_lines": [], "summary": {"covered_lines": 0, "num_statements": 4, "percent_covered": 0.0, "percent_covered_display": "0", "missing_lines": 4, "excluded_lines": 0, "percent_statements_covered": 0.0, "percent_statements_covered_display": "0"}, "missing_lines": [558, 559, 561, 562], "excluded_lines": []}, "": {"executed_lines": [1, 16, 17, 18, 20, 21, 23, 28, 339, 340, 341, 343, 344, 345, 346, 347, 350, 351, 353, 388, 432, 463, 493, 513, 538], "summary": {"covered_lines": 21, "num_statements": 21, "percent_covered": 100.0, "percent_covered_display": "100", "missing_lines": 0, "excluded_lines": 2, "percent_statements_covered": 100.0, "percent_statements_covered_display": "100"}, "missing_lines": [], "excluded_lines": [23, 24]}}, "classes": {"HTMLConfig": {"executed_lines": [], "summary": {"covered_lines": 0, "num_statements": 0, "percent_covered": 100.0, "percent_covered_display": "100", "missing_lines": 0, "excluded_lines": 0, "percent_statements_covered": 100.0, "percent_statements_covered_display": "100"}, "missing_lines": [], "excluded_lines": []}, "HTMLBuilder": {"executed_lines": [360, 362, 363, 366, 405, 408, 411, 414, 415, 416, 419, 430, 449, 452, 453, 455, 456, 457, 461, 508, 509, 510], "summary": {"covered_lines": 22, "num_statements": 29, "percent_covered": 75.86206896551724, "percent_covered_display": "76", "missing_lines": 7, "excluded_lines": 0, "percent_statements_covered": 75.86206896551724, "percent_statements_covered_display": "76"}, "missing_lines": [459, 480, 482, 483, 484, 485, 487], "excluded_lines": []}, "": {"executed_lines": [1, 16, 17, 18, 20, 21, 23, 28, 339, 340, 341, 343, 344, 345, 346, 347, 350, 351, 353, 388, 432, 463, 493, 513, 538], "summary": {"covered_lines": 21, "num_statements": 29, "percent_covered": 72.41379310344827, "percent_covered_display": "72", "missing_lines": 8, "excluded_lines": 2, "percent_statements_covered": 72.41379310344827, "percent_statements_covered_display": "72"}, "missing_lines": [531, 532, 534, 535, 558, 559, 561, 562], "excluded_lines": [23, 24]}}}, "python/media_engine/builders/pdf.py": {"executed_lines": [], "summary": {"covered_lines": 0, "num_statements": 68, "percent_covered": 0.0, "percent_covered_display": "0", "missing_lines": 68, "excluded_lines": 0, "percent_statements_covered": 0.0, "percent_statements_covered_display": "0"}, "missing_lines": [15, 17, 20, 21, 22, 24, 25, 26, 29, 39, 46, 47, 49, 50, 52, 54, 55, 56, 57, 58, 59, 60, 62, 63, 64, 65, 66, 67, 69, 231, 255, 263, 266, 269, 270, 278, 279, 287, 289, 303, 304, 306, 307, 308, 310, 312, 331, 340, 359, 361, 362, 364, 373, 385, 387, 388, 389, 391, 393, 394, 395, 397, 398, 399, 400, 401, 403, 406], "excluded_lines": [], "functions": {"PDFBuilder.__init__": {"executed_lines": [], "summary": {"covered_lines": 0, "num_statements": 4, "percent_covered": 0.0, "percent_covered_display": "0", "missing_lines": 4, "excluded_lines": 0, "percent_statements_covered": 0.0, "percent_statements_covered_display": "0"}, "missing_lines": [46, 47, 49, 50], "excluded_lines": []}, "PDFBuilder._get_css": {"executed_lines": [], "summary": {"covered_lines": 0, "num_statements": 14, "percent_covered": 0.0, "percent_covered_display": "0", "missing_lines": 14, "excluded_lines": 0, "percent_statements_covered": 0.0, "percent_statements_covered_display": "0"}, "missing_lines": [54, 55, 56, 57, 58, 59, 60, 62, 63, 64, 65, 66, 67, 69], "excluded_lines": []}, "PDFBuilder.build_from_markdown": {"executed_lines": [], "summary": {"covered_lines": 0, "num_statements": 15, "percent_covered": 0.0, "percent_covered_display": "0", "missing_lines": 15, "excluded_lines": 0, "percent_statements_covered": 0.0, "percent_statements_covered_display": "0"}, "missing_lines": [255, 263, 266, 269, 270, 278, 279, 287, 289, 303, 304, 306, 307, 308, 310], "excluded_lines": []}, "PDFBuilder.build_from_document": {"executed_lines": [], "summary": {"covered_lines": 0, "num_statements": 1, "percent_covered": 0.0, "percent_covered_display": "0", "missing_lines": 1, "excluded_lines": 0, "percent_statements_covered": 0.0, "percent_statements_covered_display": "0"}, "missing_lines": [331], "excluded_lines": []}, "PDFBuilder.build_combined": {"executed_lines": [], "summary": {"covered_lines": 0, "num_statements": 4, "percent_covered": 0.0, "percent_covered_display": "0", "missing_lines": 4, "excluded_lines": 0, "percent_statements_covered": 0.0, "percent_statements_covered_display": "0"}, "missing_lines": [359, 361, 362, 364], "excluded_lines": []}, "build_pdf": {"executed_lines": [], "summary": {"covered_lines": 0, "num_statements": 14, "percent_covered": 0.0, "percent_covered_display": "0", "missing_lines": 14, "excluded_lines": 0, "percent_statements_covered": 0.0, "percent_statements_covered_display": "0"}, "missing_lines": [385, 387, 388, 389, 391, 393, 394, 395, 397, 398, 399, 400, 401, 403], "excluded_lines": []}, "": {"executed_lines": [], "summary": {"covered_lines": 0, "num_statements": 16, "percent_covered": 0.0, "percent_covered_display": "0", "missing_lines": 16, "excluded_lines": 0, "percent_statements_covered": 0.0, "percent_statements_covered_display": "0"}, "missing_lines": [15, 17, 20, 21, 22, 24, 25, 26, 29, 39, 52, 231, 312, 340, 373, 406], "excluded_lines": []}}, "classes": {"PDFBuilder": {"executed_lines": [], "summary": {"covered_lines": 0, "num_statements": 38, "percent_covered": 0.0, "percent_covered_display": "0", "missing_lines": 38, "excluded_lines": 0, "percent_statements_covered": 0.0, "percent_statements_covered_display": "0"}, "missing_lines": [46, 47, 49, 50, 54, 55, 56, 57, 58, 59, 60, 62, 63, 64, 65, 66, 67, 69, 255, 263, 266, 269, 270, 278, 279, 287, 289, 303, 304, 306, 307, 308, 310, 331, 359, 361, 362, 364], "excluded_lines": []}, "": {"executed_lines": [], "summary": {"covered_lines": 0, "num_statements": 30, "percent_covered": 0.0, "percent_covered_display": "0", "missing_lines": 30, "excluded_lines": 0, "percent_statements_covered": 0.0, "percent_statements_covered_display": "0"}, "missing_lines": [15, 17, 20, 21, 22, 24, 25, 26, 29, 39, 52, 231, 312, 340, 373, 385, 387, 388, 389, 391, 393, 394, 395, 397, 398, 399, 400, 401, 403, 406], "excluded_lines": []}}}, "python/media_engine/builders/pptx.py": {"executed_lines": [1, 16, 17, 18, 19, 21, 22, 23, 24, 25, 27, 31, 33, 34, 35, 36, 37, 40, 41, 42, 44, 45, 46, 47, 48, 49, 50, 51, 52, 53, 54, 57, 58, 60, 68, 70, 71, 74, 75, 76, 77, 78, 81, 82, 85, 86, 89, 90, 91, 93, 95, 96, 125, 127, 128, 129, 146, 148, 154, 156, 158, 159, 160, 161, 163, 178, 179, 180, 182, 183, 184, 185, 186, 187, 188, 190, 192, 203, 204, 205, 207, 208, 209, 211, 213, 214, 215, 216, 217, 218, 219, 221, 223, 225, 226, 227, 230, 231, 240, 241, 256, 257, 271, 274, 275, 276, 278, 279, 281, 283, 290, 291, 292, 295, 309, 312, 313, 314, 317, 318, 329, 331, 332, 334, 336, 346, 347, 348, 351, 365, 379, 390, 404, 414, 417, 419, 470, 477, 478, 479, 482, 496, 497, 509, 512, 514, 521, 522, 523, 526, 540, 541, 553, 556, 558, 560, 561, 562, 563, 564, 565, 573, 577, 578, 579, 580, 584, 607, 608, 610, 611, 612, 615, 618, 619, 620, 621, 624, 625, 626, 628, 629, 630, 637, 638, 639, 640, 641, 642, 643, 646, 654, 656, 681, 683, 684, 687, 688, 691, 692, 694, 708, 710, 712, 714, 715, 716, 719], "summary": {"covered_lines": 204, "num_statements": 263, "percent_covered": 77.56653992395437, "percent_covered_display": "78", "missing_lines": 59, "excluded_lines": 2, "percent_statements_covered": 77.56653992395437, "percent_statements_covered_display": "78"}, "missing_lines": [99, 100, 103, 104, 105, 107, 110, 111, 112, 117, 118, 119, 120, 121, 123, 132, 133, 134, 135, 136, 137, 139, 141, 142, 143, 144, 232, 233, 236, 237, 415, 427, 428, 429, 432, 446, 447, 452, 453, 465, 466, 468, 510, 554, 574, 582, 613, 634, 644, 645, 649, 650, 651, 652, 735, 737, 738, 740, 742], "excluded_lines": [27, 28], "functions": {"hex_to_rgb": {"executed_lines": [33, 34, 35, 36, 37], "summary": {"covered_lines": 5, "num_statements": 5, "percent_covered": 100.0, "percent_covered_display": "100", "missing_lines": 0, "excluded_lines": 0, "percent_statements_covered": 100.0, "percent_statements_covered_display": "100"}, "missing_lines": [], "excluded_lines": []}, "PPTXBuilder.__init__": {"executed_lines": [68, 70, 71, 74, 75, 76, 77, 78, 81, 82, 85, 86, 89, 90, 91], "summary": {"covered_lines": 15, "num_statements": 15, "percent_covered": 100.0, "percent_covered_display": "100", "missing_lines": 0, "excluded_lines": 0, "percent_statements_covered": 100.0, "percent_statements_covered_display": "100"}, "missing_lines": [], "excluded_lines": []}, "PPTXBuilder._get_logo_for_pptx": {"executed_lines": [95, 96], "summary": {"covered_lines": 2, "num_statements": 17, "percent_covered": 11.764705882352942, "percent_covered_display": "12", "missing_lines": 15, "excluded_lines": 0, "percent_statements_covered": 11.764705882352942, "percent_statements_covered_display": "12"}, "missing_lines": [99, 100, 103, 104, 105, 107, 110, 111, 112, 117, 118, 119, 120, 121, 123], "excluded_lines": []}, "PPTXBuilder._add_logo": {"executed_lines": [127, 128, 129], "summary": {"covered_lines": 3, "num_statements": 14, "percent_covered": 21.428571428571427, "percent_covered_display": "21", "missing_lines": 11, "excluded_lines": 0, "percent_statements_covered": 21.428571428571427, "percent_statements_covered_display": "21"}, "missing_lines": [132, 133, 134, 135, 136, 137, 139, 141, 142, 143, 144], "excluded_lines": []}, "PPTXBuilder._get_system_font": {"executed_lines": [148, 154], "summary": {"covered_lines": 2, "num_statements": 2, "percent_covered": 100.0, "percent_covered_display": "100", "missing_lines": 0, "excluded_lines": 0, "percent_statements_covered": 100.0, "percent_statements_covered_display": "100"}, "missing_lines": [], "excluded_lines": []}, "PPTXBuilder._set_background": {"executed_lines": [158, 159, 160, 161], "summary": {"covered_lines": 4, "num_statements": 4, "percent_covered": 100.0, "percent_covered_display": "100", "missing_lines": 0, "excluded_lines": 0, "percent_statements_covered": 100.0, "percent_statements_covered_display": "100"}, "missing_lines": [], "excluded_lines": []}, "PPTXBuilder._add_text_box": {"executed_lines": [178, 179, 180, 182, 183, 184, 185, 186, 187, 188, 190], "summary": {"covered_lines": 11, "num_statements": 11, "percent_covered": 100.0, "percent_covered_display": "100", "missing_lines": 0, "excluded_lines": 0, "percent_statements_covered": 100.0, "percent_statements_covered_display": "100"}, "missing_lines": [], "excluded_lines": []}, "PPTXBuilder._add_bullet_list": {"executed_lines": [203, 204, 205, 207, 208, 209, 211, 213, 214, 215, 216, 217, 218, 219, 221], "summary": {"covered_lines": 15, "num_statements": 15, "percent_covered": 100.0, "percent_covered_display": "100", "missing_lines": 0, "excluded_lines": 0, "percent_statements_covered": 100.0, "percent_statements_covered_display": "100"}, "missing_lines": [], "excluded_lines": []}, "PPTXBuilder.add_title_slide": {"executed_lines": [225, 226, 227, 230, 231, 240, 241, 256, 257, 271, 274, 275, 276, 278, 279, 281], "summary": {"covered_lines": 16, "num_statements": 20, "percent_covered": 80.0, "percent_covered_display": "80", "missing_lines": 4, "excluded_lines": 0, "percent_statements_covered": 80.0, "percent_statements_covered_display": "80"}, "missing_lines": [232, 233, 236, 237], "excluded_lines": []}, "PPTXBuilder.add_content_slide": {"executed_lines": [290, 291, 292, 295, 309, 312, 313, 314, 317, 318, 329, 331, 332, 334], "summary": {"covered_lines": 14, "num_statements": 14, "percent_covered": 100.0, "percent_covered_display": "100", "missing_lines": 0, "excluded_lines": 0, "percent_statements_covered": 100.0, "percent_statements_covered_display": "100"}, "missing_lines": [], "excluded_lines": []}, "PPTXBuilder.add_two_column_slide": {"executed_lines": [346, 347, 348, 351, 365, 379, 390, 404, 414, 417], "summary": {"covered_lines": 10, "num_statements": 11, "percent_covered": 90.9090909090909, "percent_covered_display": "91", "missing_lines": 1, "excluded_lines": 0, "percent_statements_covered": 90.9090909090909, "percent_statements_covered_display": "91"}, "missing_lines": [415], "excluded_lines": []}, "PPTXBuilder.add_image_slide": {"executed_lines": [], "summary": {"covered_lines": 0, "num_statements": 11, "percent_covered": 0.0, "percent_covered_display": "0", "missing_lines": 11, "excluded_lines": 0, "percent_statements_covered": 0.0, "percent_statements_covered_display": "0"}, "missing_lines": [427, 428, 429, 432, 446, 447, 452, 453, 465, 466, 468], "excluded_lines": []}, "PPTXBuilder.add_quote_slide": {"executed_lines": [477, 478, 479, 482, 496, 497, 509, 512], "summary": {"covered_lines": 8, "num_statements": 9, "percent_covered": 88.88888888888889, "percent_covered_display": "89", "missing_lines": 1, "excluded_lines": 0, "percent_statements_covered": 88.88888888888889, "percent_statements_covered_display": "89"}, "missing_lines": [510], "excluded_lines": []}, "PPTXBuilder.add_section_slide": {"executed_lines": [521, 522, 523, 526, 540, 541, 553, 556], "summary": {"covered_lines": 8, "num_statements": 9, "percent_covered": 88.88888888888889, "percent_covered_display": "89", "missing_lines": 1, "excluded_lines": 0, "percent_statements_covered": 88.88888888888889, "percent_statements_covered_display": "89"}, "missing_lines": [554], "excluded_lines": []}, "PPTXBuilder.add_slide": {"executed_lines": [560, 561, 562, 563, 564, 565, 573, 577, 578, 579, 580], "summary": {"covered_lines": 11, "num_statements": 13, "percent_covered": 84.61538461538461, "percent_covered_display": "85", "missing_lines": 2, "excluded_lines": 0, "percent_statements_covered": 84.61538461538461, "percent_statements_covered_display": "85"}, "missing_lines": [574, 582], "excluded_lines": []}, "PPTXBuilder.build_from_markdown": {"executed_lines": [607, 608, 610, 611, 612, 615, 618, 619, 620, 621, 624, 625, 626, 628, 629, 630, 637, 638, 639, 640, 641, 642, 643, 646, 654], "summary": {"covered_lines": 25, "num_statements": 33, "percent_covered": 75.75757575757575, "percent_covered_display": "76", "missing_lines": 8, "excluded_lines": 0, "percent_statements_covered": 75.75757575757575, "percent_statements_covered_display": "76"}, "missing_lines": [613, 634, 644, 645, 649, 650, 651, 652], "excluded_lines": []}, "PPTXBuilder.build_from_yaml": {"executed_lines": [681, 683, 684, 687, 688, 691, 692, 694, 708, 710], "summary": {"covered_lines": 10, "num_statements": 10, "percent_covered": 100.0, "percent_covered_display": "100", "missing_lines": 0, "excluded_lines": 0, "percent_statements_covered": 100.0, "percent_statements_covered_display": "100"}, "missing_lines": [], "excluded_lines": []}, "PPTXBuilder.save": {"executed_lines": [714, 715, 716], "summary": {"covered_lines": 3, "num_statements": 3, "percent_covered": 100.0, "percent_covered_display": "100", "missing_lines": 0, "excluded_lines": 0, "percent_statements_covered": 100.0, "percent_statements_covered_display": "100"}, "missing_lines": [], "excluded_lines": []}, "build_pptx": {"executed_lines": [], "summary": {"covered_lines": 0, "num_statements": 5, "percent_covered": 0.0, "percent_covered_display": "0", "missing_lines": 5, "excluded_lines": 0, "percent_statements_covered": 0.0, "percent_statements_covered_display": "0"}, "missing_lines": [735, 737, 738, 740, 742], "excluded_lines": []}, "": {"executed_lines": [1, 16, 17, 18, 19, 21, 22, 23, 24, 25, 27, 31, 40, 41, 42, 44, 45, 46, 47, 48, 49, 50, 51, 52, 53, 54, 57, 58, 60, 93, 125, 146, 156, 163, 192, 223, 283, 336, 419, 470, 514, 558, 584, 656, 712, 719], "summary": {"covered_lines": 42, "num_statements": 42, "percent_covered": 100.0, "percent_covered_display": "100", "missing_lines": 0, "excluded_lines": 2, "percent_statements_covered": 100.0, "percent_statements_covered_display": "100"}, "missing_lines": [], "excluded_lines": [27, 28]}}, "classes": {"SlideContent": {"executed_lines": [], "summary": {"covered_lines": 0, "num_statements": 0, "percent_covered": 100.0, "percent_covered_display": "100", "missing_lines": 0, "excluded_lines": 0, "percent_statements_covered": 100.0, "percent_statements_covered_display": "100"}, "missing_lines": [], "excluded_lines": []}, "PPTXBuilder": {"executed_lines": [68, 70, 71, 74, 75, 76, 77, 78, 81, 82, 85, 86, 89, 90, 91, 95, 96, 127, 128, 129, 148, 154, 158, 159, 160, 161, 178, 179, 180, 182, 183, 184, 185, 186, 187, 188, 190, 203, 204, 205, 207, 208, 209, 211, 213, 214, 215, 216, 217, 218, 219, 221, 225, 226, 227, 230, 231, 240, 241, 256, 257, 271, 274, 275, 276, 278, 279, 281, 290, 291, 292, 295, 309, 312, 313, 314, 317, 318, 329, 331, 332, 334, 346, 347, 348, 351, 365, 379, 390, 404, 414, 417, 477, 478, 479, 482, 496, 497, 509, 512, 521, 522, 523, 526, 540, 541, 553, 556, 560, 561, 562, 563, 564, 565, 573, 577, 578, 579, 580, 607, 608, 610, 611, 612, 615, 618, 619, 620, 621, 624, 625, 626, 628, 629, 630, 637, 638, 639, 640, 641, 642, 643, 646, 654, 681, 683, 684, 687, 688, 691, 692, 694, 708, 710, 714, 715, 716], "summary": {"covered_lines": 157, "num_statements": 211, "percent_covered": 74.40758293838863, "percent_covered_display": "74", "missing_lines": 54, "excluded_lines": 0, "percent_statements_covered": 74.40758293838863, "percent_statements_covered_display": "74"}, "missing_lines": [99, 100, 103, 104, 105, 107, 110, 111, 112, 117, 118, 119, 120, 121, 123, 132, 133, 134, 135, 136, 137, 139, 141, 142, 143, 144, 232, 233, 236, 237, 415, 427, 428, 429, 432, 446, 447, 452, 453, 465, 466, 468, 510, 554, 574, 582, 613, 634, 644, 645, 649, 650, 651, 652], "excluded_lines": []}, "": {"executed_lines": [1, 16, 17, 18, 19, 21, 22, 23, 24, 25, 27, 31, 33, 34, 35, 36, 37, 40, 41, 42, 44, 45, 46, 47, 48, 49, 50, 51, 52, 53, 54, 57, 58, 60, 93, 125, 146, 156, 163, 192, 223, 283, 336, 419, 470, 514, 558, 584, 656, 712, 719], "summary": {"covered_lines": 47, "num_statements": 52, "percent_covered": 90.38461538461539, "percent_covered_display": "90", "missing_lines": 5, "excluded_lines": 2, "percent_statements_covered": 90.38461538461539, "percent_statements_covered_display": "90"}, "missing_lines": [735, 737, 738, 740, 742], "excluded_lines": [27, 28]}}}, "python/media_engine/builders/xlsx.py": {"executed_lines": [1, 16, 17, 18, 20, 21, 22, 23, 25, 29, 31, 32, 35, 36, 37, 39, 40, 41, 42, 45, 46, 47, 49, 50, 51, 52, 53, 54, 55, 56, 59, 60, 62, 69, 71, 74, 75, 76, 77, 78, 81, 82, 85, 87, 90, 91, 92, 95, 96, 97, 100, 101, 102, 103, 106, 107, 108, 109, 112, 113, 114, 115, 116, 119, 120, 121, 122, 123, 126, 127, 128, 129, 130, 133, 134, 135, 136, 142, 143, 146, 147, 148, 151, 152, 155, 156, 157, 160, 162, 164, 165, 166, 168, 184, 186, 187, 190, 191, 192, 193, 199, 202, 203, 204, 205, 206, 208, 211, 212, 213, 214, 217, 218, 219, 220, 221, 222, 223, 224, 227, 228, 230, 234, 236, 238, 258, 261, 263, 266, 268, 269, 271, 272, 273, 274, 276, 277, 279, 281, 305, 334, 336, 337, 339, 341, 342, 343, 346, 355, 363, 364, 366, 367, 368, 370, 378, 380, 397, 398, 399, 401, 403, 409, 411, 413, 414, 415, 416, 419], "summary": {"covered_lines": 164, "num_statements": 178, "percent_covered": 92.13483146067416, "percent_covered_display": "92", "missing_lines": 14, "excluded_lines": 2, "percent_statements_covered": 92.13483146067416, "percent_statements_covered_display": "92"}, "missing_lines": [232, 259, 264, 295, 296, 298, 300, 301, 302, 303, 344, 435, 436, 437], "excluded_lines": [25, 26], "functions": {"hex_to_argb": {"executed_lines": [31, 32], "summary": {"covered_lines": 2, "num_statements": 2, "percent_covered": 100.0, "percent_covered_display": "100", "missing_lines": 0, "excluded_lines": 0, "percent_statements_covered": 100.0, "percent_statements_covered_display": "100"}, "missing_lines": [], "excluded_lines": []}, "XLSXBuilder.__init__": {"executed_lines": [69, 71, 74, 75, 76, 77, 78, 81, 82, 85], "summary": {"covered_lines": 10, "num_statements": 10, "percent_covered": 100.0, "percent_covered_display": "100", "missing_lines": 0, "excluded_lines": 0, "percent_statements_covered": 100.0, "percent_statements_covered_display": "100"}, "missing_lines": [], "excluded_lines": []}, "XLSXBuilder._setup_styles": {"executed_lines": [90, 91, 92, 95, 96, 97, 100, 101, 102, 103, 106, 107, 108, 109, 112, 113, 114, 115, 116, 119, 120, 121, 122, 123, 126, 127, 128, 129, 130, 133, 134, 135, 136, 142, 143, 146, 147, 148, 151, 152, 155, 156, 157, 160], "summary": {"covered_lines": 44, "num_statements": 44, "percent_covered": 100.0, "percent_covered_display": "100", "missing_lines": 0, "excluded_lines": 0, "percent_statements_covered": 100.0, "percent_statements_covered_display": "100"}, "missing_lines": [], "excluded_lines": []}, "XLSXBuilder._remove_default_sheet": {"executed_lines": [164, 165, 166], "summary": {"covered_lines": 3, "num_statements": 3, "percent_covered": 100.0, "percent_covered_display": "100", "missing_lines": 0, "excluded_lines": 0, "percent_statements_covered": 100.0, "percent_statements_covered_display": "100"}, "missing_lines": [], "excluded_lines": []}, "XLSXBuilder.add_sheet": {"executed_lines": [184, 186, 187, 190, 191, 192, 193, 199, 202, 203, 204, 205, 206, 208, 211, 212, 213, 214, 217, 218, 219, 220, 221, 222, 223, 224, 227, 228, 230, 234, 236], "summary": {"covered_lines": 31, "num_statements": 32, "percent_covered": 96.875, "percent_covered_display": "97", "missing_lines": 1, "excluded_lines": 0, "percent_statements_covered": 96.875, "percent_statements_covered_display": "97"}, "missing_lines": [232], "excluded_lines": []}, "XLSXBuilder.add_chart": {"executed_lines": [258, 261, 263, 266, 268, 269, 271, 272, 273, 274, 276, 277, 279], "summary": {"covered_lines": 13, "num_statements": 15, "percent_covered": 86.66666666666667, "percent_covered_display": "87", "missing_lines": 2, "excluded_lines": 0, "percent_statements_covered": 86.66666666666667, "percent_statements_covered_display": "87"}, "missing_lines": [259, 264], "excluded_lines": []}, "XLSXBuilder.add_formula_row": {"executed_lines": [], "summary": {"covered_lines": 0, "num_statements": 7, "percent_covered": 0.0, "percent_covered_display": "0", "missing_lines": 7, "excluded_lines": 0, "percent_statements_covered": 0.0, "percent_statements_covered_display": "0"}, "missing_lines": [295, 296, 298, 300, 301, 302, 303], "excluded_lines": []}, "XLSXBuilder.build_from_yaml": {"executed_lines": [334, 336, 337, 339, 341, 342, 343, 346, 355, 363, 364, 366, 367, 368, 370, 378], "summary": {"covered_lines": 16, "num_statements": 17, "percent_covered": 94.11764705882354, "percent_covered_display": "94", "missing_lines": 1, "excluded_lines": 0, "percent_statements_covered": 94.11764705882354, "percent_statements_covered_display": "94"}, "missing_lines": [344], "excluded_lines": []}, "XLSXBuilder.build_from_dict": {"executed_lines": [397, 398, 399, 401, 403, 409], "summary": {"covered_lines": 6, "num_statements": 6, "percent_covered": 100.0, "percent_covered_display": "100", "missing_lines": 0, "excluded_lines": 0, "percent_statements_covered": 100.0, "percent_statements_covered_display": "100"}, "missing_lines": [], "excluded_lines": []}, "XLSXBuilder.save": {"executed_lines": [413, 414, 415, 416], "summary": {"covered_lines": 4, "num_statements": 4, "percent_covered": 100.0, "percent_covered_display": "100", "missing_lines": 0, "excluded_lines": 0, "percent_statements_covered": 100.0, "percent_statements_covered_display": "100"}, "missing_lines": [], "excluded_lines": []}, "build_xlsx": {"executed_lines": [], "summary": {"covered_lines": 0, "num_statements": 3, "percent_covered": 0.0, "percent_covered_display": "0", "missing_lines": 3, "excluded_lines": 0, "percent_statements_covered": 0.0, "percent_statements_covered_display": "0"}, "missing_lines": [435, 436, 437], "excluded_lines": []}, "": {"executed_lines": [1, 16, 17, 18, 20, 21, 22, 23, 25, 29, 35, 36, 37, 39, 40, 41, 42, 45, 46, 47, 49, 50, 51, 52, 53, 54, 55, 56, 59, 60, 62, 87, 162, 168, 238, 281, 305, 380, 411, 419], "summary": {"covered_lines": 35, "num_statements": 35, "percent_covered": 100.0, "percent_covered_display": "100", "missing_lines": 0, "excluded_lines": 2, "percent_statements_covered": 100.0, "percent_statements_covered_display": "100"}, "missing_lines": [], "excluded_lines": [25, 26]}}, "classes": {"Column": {"executed_lines": [], "summary": {"covered_lines": 0, "num_statements": 0, "percent_covered": 100.0, "percent_covered_display": "100", "missing_lines": 0, "excluded_lines": 0, "percent_statements_covered": 100.0, "percent_statements_covered_display": "100"}, "missing_lines": [], "excluded_lines": []}, "SheetData": {"executed_lines": [], "summary": {"covered_lines": 0, "num_statements": 0, "percent_covered": 100.0, "percent_covered_display": "100", "missing_lines": 0, "excluded_lines": 0, "percent_statements_covered": 100.0, "percent_statements_covered_display": "100"}, "missing_lines": [], "excluded_lines": []}, "XLSXBuilder": {"executed_lines": [69, 71, 74, 75, 76, 77, 78, 81, 82, 85, 90, 91, 92, 95, 96, 97, 100, 101, 102, 103, 106, 107, 108, 109, 112, 113, 114, 115, 116, 119, 120, 121, 122, 123, 126, 127, 128, 129, 130, 133, 134, 135, 136, 142, 143, 146, 147, 148, 151, 152, 155, 156, 157, 160, 164, 165, 166, 184, 186, 187, 190, 191, 192, 193, 199, 202, 203, 204, 205, 206, 208, 211, 212, 213, 214, 217, 218, 219, 220, 221, 222, 223, 224, 227, 228, 230, 234, 236, 258, 261, 263, 266, 268, 269, 271, 272, 273, 274, 276, 277, 279, 334, 336, 337, 339, 341, 342, 343, 346, 355, 363, 364, 366, 367, 368, 370, 378, 397, 398, 399, 401, 403, 409, 413, 414, 415, 416], "summary": {"covered_lines": 127, "num_statements": 138, "percent_covered": 92.02898550724638, "percent_covered_display": "92", "missing_lines": 11, "excluded_lines": 0, "percent_statements_covered": 92.02898550724638, "percent_statements_covered_display": "92"}, "missing_lines": [232, 259, 264, 295, 296, 298, 300, 301, 302, 303, 344], "excluded_lines": []}, "": {"executed_lines": [1, 16, 17, 18, 20, 21, 22, 23, 25, 29, 31, 32, 35, 36, 37, 39, 40, 41, 42, 45, 46, 47, 49, 50, 51, 52, 53, 54, 55, 56, 59, 60, 62, 87, 162, 168, 238, 281, 305, 380, 411, 419], "summary": {"covered_lines": 37, "num_statements": 40, "percent_covered": 92.5, "percent_covered_display": "92", "missing_lines": 3, "excluded_lines": 2, "percent_statements_covered": 92.5, "percent_statements_covered_display": "92"}, "missing_lines": [435, 436, 437], "excluded_lines": [25, 26]}}}, "python/media_engine/changelog/__init__.py": {"executed_lines": [1, 13, 14, 15, 16, 17, 20, 21, 23, 24, 25, 26, 27, 28, 29, 30, 33, 34, 35, 37, 38, 39, 40, 41, 42, 43, 46, 47, 48, 50, 51, 52, 53, 56, 57, 60, 77, 78, 79, 81, 130, 144, 151, 152, 155, 156, 157, 161, 163, 164, 166, 167, 170, 173, 175, 177, 179, 198, 201, 202, 204, 205, 207, 247, 248, 257, 258, 259, 260, 262, 281, 283, 284, 288, 290, 291, 294, 297, 298, 299, 300, 301, 302, 303, 305, 307, 314, 316, 317, 318, 320, 322, 323, 324, 325, 326, 329, 340, 341, 342, 343, 344, 345, 346, 349, 350, 351, 352, 353, 354, 356, 357, 358, 360, 362, 364, 378, 394, 396, 397, 399, 400, 401, 404], "summary": {"covered_lines": 117, "num_statements": 160, "percent_covered": 73.125, "percent_covered_display": "73", "missing_lines": 43, "excluded_lines": 0, "percent_statements_covered": 73.125, "percent_statements_covered_display": "73"}, "missing_lines": [88, 95, 96, 97, 98, 99, 100, 102, 103, 110, 111, 113, 114, 115, 116, 117, 118, 119, 128, 132, 133, 140, 141, 142, 169, 180, 181, 184, 186, 209, 211, 213, 214, 215, 218, 219, 220, 222, 225, 226, 234, 235, 244], "excluded_lines": [], "functions": {"GitHistoryParser.__init__": {"executed_lines": [78, 79], "summary": {"covered_lines": 2, "num_statements": 2, "percent_covered": 100.0, "percent_covered_display": "100", "missing_lines": 0, "excluded_lines": 0, "percent_statements_covered": 100.0, "percent_statements_covered_display": "100"}, "missing_lines": [], "excluded_lines": []}, "GitHistoryParser.get_commits": {"executed_lines": [], "summary": {"covered_lines": 0, "num_statements": 19, "percent_covered": 0.0, "percent_covered_display": "0", "missing_lines": 19, "excluded_lines": 0, "percent_statements_covered": 0.0, "percent_statements_covered_display": "0"}, "missing_lines": [88, 95, 96, 97, 98, 99, 100, 102, 103, 110, 111, 113, 114, 115, 116, 117, 118, 119, 128], "excluded_lines": []}, "GitHistoryParser.get_changed_files": {"executed_lines": [], "summary": {"covered_lines": 0, "num_statements": 5, "percent_covered": 0.0, "percent_covered_display": "0", "missing_lines": 5, "excluded_lines": 0, "percent_statements_covered": 0.0, "percent_statements_covered_display": "0"}, "missing_lines": [132, 133, 140, 141, 142], "excluded_lines": []}, "GitHistoryParser.parse_commit_type": {"executed_lines": [151, 152, 155, 156, 157, 161, 163, 164, 166, 167, 170, 173], "summary": {"covered_lines": 12, "num_statements": 13, "percent_covered": 92.3076923076923, "percent_covered_display": "92", "missing_lines": 1, "excluded_lines": 0, "percent_statements_covered": 92.3076923076923, "percent_statements_covered_display": "92"}, "missing_lines": [169], "excluded_lines": []}, "GitHistoryParser.to_entries": {"executed_lines": [177, 179, 198], "summary": {"covered_lines": 3, "num_statements": 7, "percent_covered": 42.857142857142854, "percent_covered_display": "43", "missing_lines": 4, "excluded_lines": 0, "percent_statements_covered": 42.857142857142854, "percent_statements_covered_display": "43"}, "missing_lines": [180, 181, 184, 186], "excluded_lines": []}, "DocumentVersionTracker.__init__": {"executed_lines": [205], "summary": {"covered_lines": 1, "num_statements": 1, "percent_covered": 100.0, "percent_covered_display": "100", "missing_lines": 0, "excluded_lines": 0, "percent_statements_covered": 100.0, "percent_statements_covered_display": "100"}, "missing_lines": [], "excluded_lines": []}, "DocumentVersionTracker.get_version_changes": {"executed_lines": [], "summary": {"covered_lines": 0, "num_statements": 14, "percent_covered": 0.0, "percent_covered_display": "0", "missing_lines": 14, "excluded_lines": 0, "percent_statements_covered": 0.0, "percent_statements_covered_display": "0"}, "missing_lines": [209, 211, 213, 214, 215, 218, 219, 220, 222, 225, 226, 234, 235, 244], "excluded_lines": []}, "ChangelogGenerator.__init__": {"executed_lines": [258, 259, 260], "summary": {"covered_lines": 3, "num_statements": 3, "percent_covered": 100.0, "percent_covered_display": "100", "missing_lines": 0, "excluded_lines": 0, "percent_statements_covered": 100.0, "percent_statements_covered_display": "100"}, "missing_lines": [], "excluded_lines": []}, "ChangelogGenerator.generate": {"executed_lines": [281, 283, 284, 288, 290, 291, 294, 297, 298, 299, 300, 301, 302, 303, 305], "summary": {"covered_lines": 15, "num_statements": 15, "percent_covered": 100.0, "percent_covered_display": "100", "missing_lines": 0, "excluded_lines": 0, "percent_statements_covered": 100.0, "percent_statements_covered_display": "100"}, "missing_lines": [], "excluded_lines": []}, "ChangelogGenerator.to_markdown": {"executed_lines": [314, 316, 317, 318, 320, 322, 323, 324, 325, 326, 329, 340, 341, 342, 343, 344, 345, 346, 349, 350, 351, 352, 353, 354, 356, 357, 358, 360], "summary": {"covered_lines": 28, "num_statements": 28, "percent_covered": 100.0, "percent_covered_display": "100", "missing_lines": 0, "excluded_lines": 0, "percent_statements_covered": 100.0, "percent_statements_covered_display": "100"}, "missing_lines": [], "excluded_lines": []}, "ChangelogGenerator.to_json": {"executed_lines": [364], "summary": {"covered_lines": 1, "num_statements": 1, "percent_covered": 100.0, "percent_covered_display": "100", "missing_lines": 0, "excluded_lines": 0, "percent_statements_covered": 100.0, "percent_statements_covered_display": "100"}, "missing_lines": [], "excluded_lines": []}, "generate_changelog": {"executed_lines": [394, 396, 397, 399, 400, 401], "summary": {"covered_lines": 6, "num_statements": 6, "percent_covered": 100.0, "percent_covered_display": "100", "missing_lines": 0, "excluded_lines": 0, "percent_statements_covered": 100.0, "percent_statements_covered_display": "100"}, "missing_lines": [], "excluded_lines": []}, "": {"executed_lines": [1, 13, 14, 15, 16, 17, 20, 21, 23, 24, 25, 26, 27, 28, 29, 30, 33, 34, 35, 37, 38, 39, 40, 41, 42, 43, 46, 47, 48, 50, 51, 52, 53, 56, 57, 60, 77, 81, 130, 144, 175, 201, 202, 204, 207, 247, 248, 257, 262, 307, 362, 378, 404], "summary": {"covered_lines": 46, "num_statements": 46, "percent_covered": 100.0, "percent_covered_display": "100", "missing_lines": 0, "excluded_lines": 0, "percent_statements_covered": 100.0, "percent_statements_covered_display": "100"}, "missing_lines": [], "excluded_lines": []}}, "classes": {"ChangeType": {"executed_lines": [], "summary": {"covered_lines": 0, "num_statements": 0, "percent_covered": 100.0, "percent_covered_display": "100", "missing_lines": 0, "excluded_lines": 0, "percent_statements_covered": 100.0, "percent_statements_covered_display": "100"}, "missing_lines": [], "excluded_lines": []}, "ChangeEntry": {"executed_lines": [], "summary": {"covered_lines": 0, "num_statements": 0, "percent_covered": 100.0, "percent_covered_display": "100", "missing_lines": 0, "excluded_lines": 0, "percent_statements_covered": 100.0, "percent_statements_covered_display": "100"}, "missing_lines": [], "excluded_lines": []}, "ChangelogVersion": {"executed_lines": [], "summary": {"covered_lines": 0, "num_statements": 0, "percent_covered": 100.0, "percent_covered_display": "100", "missing_lines": 0, "excluded_lines": 0, "percent_statements_covered": 100.0, "percent_statements_covered_display": "100"}, "missing_lines": [], "excluded_lines": []}, "GitHistoryParser": {"executed_lines": [78, 79, 151, 152, 155, 156, 157, 161, 163, 164, 166, 167, 170, 173, 177, 179, 198], "summary": {"covered_lines": 17, "num_statements": 46, "percent_covered": 36.95652173913044, "percent_covered_display": "37", "missing_lines": 29, "excluded_lines": 0, "percent_statements_covered": 36.95652173913044, "percent_statements_covered_display": "37"}, "missing_lines": [88, 95, 96, 97, 98, 99, 100, 102, 103, 110, 111, 113, 114, 115, 116, 117, 118, 119, 128, 132, 133, 140, 141, 142, 169, 180, 181, 184, 186], "excluded_lines": []}, "DocumentVersionTracker": {"executed_lines": [205], "summary": {"covered_lines": 1, "num_statements": 15, "percent_covered": 6.666666666666667, "percent_covered_display": "7", "missing_lines": 14, "excluded_lines": 0, "percent_statements_covered": 6.666666666666667, "percent_statements_covered_display": "7"}, "missing_lines": [209, 211, 213, 214, 215, 218, 219, 220, 222, 225, 226, 234, 235, 244], "excluded_lines": []}, "ChangelogGenerator": {"executed_lines": [258, 259, 260, 281, 283, 284, 288, 290, 291, 294, 297, 298, 299, 300, 301, 302, 303, 305, 314, 316, 317, 318, 320, 322, 323, 324, 325, 326, 329, 340, 341, 342, 343, 344, 345, 346, 349, 350, 351, 352, 353, 354, 356, 357, 358, 360, 364], "summary": {"covered_lines": 47, "num_statements": 47, "percent_covered": 100.0, "percent_covered_display": "100", "missing_lines": 0, "excluded_lines": 0, "percent_statements_covered": 100.0, "percent_statements_covered_display": "100"}, "missing_lines": [], "excluded_lines": []}, "": {"executed_lines": [1, 13, 14, 15, 16, 17, 20, 21, 23, 24, 25, 26, 27, 28, 29, 30, 33, 34, 35, 37, 38, 39, 40, 41, 42, 43, 46, 47, 48, 50, 51, 52, 53, 56, 57, 60, 77, 81, 130, 144, 175, 201, 202, 204, 207, 247, 248, 257, 262, 307, 362, 378, 394, 396, 397, 399, 400, 401, 404], "summary": {"covered_lines": 52, "num_statements": 52, "percent_covered": 100.0, "percent_covered_display": "100", "missing_lines": 0, "excluded_lines": 0, "percent_statements_covered": 100.0, "percent_statements_covered_display": "100"}, "missing_lines": [], "excluded_lines": []}}}, "python/media_engine/cli.py": {"executed_lines": [], "summary": {"covered_lines": 0, "num_statements": 3, "percent_covered": 0.0, "percent_covered_display": "0", "missing_lines": 3, "excluded_lines": 0, "percent_statements_covered": 0.0, "percent_statements_covered_display": "0"}, "missing_lines": [19, 21, 22], "excluded_lines": [], "functions": {"": {"executed_lines": [], "summary": {"covered_lines": 0, "num_statements": 3, "percent_covered": 0.0, "percent_covered_display": "0", "missing_lines": 3, "excluded_lines": 0, "percent_statements_covered": 0.0, "percent_statements_covered_display": "0"}, "missing_lines": [19, 21, 22], "excluded_lines": []}}, "classes": {"": {"executed_lines": [], "summary": {"covered_lines": 0, "num_statements": 3, "percent_covered": 0.0, "percent_covered_display": "0", "missing_lines": 3, "excluded_lines": 0, "percent_statements_covered": 0.0, "percent_statements_covered_display": "0"}, "missing_lines": [19, 21, 22], "excluded_lines": []}}}, "python/media_engine/cli/__init__.py": {"executed_lines": [], "summary": {"covered_lines": 0, "num_statements": 171, "percent_covered": 0.0, "percent_covered_display": "0", "missing_lines": 171, "excluded_lines": 0, "percent_statements_covered": 0.0, "percent_statements_covered_display": "0"}, "missing_lines": [15, 16, 18, 55, 57, 61, 64, 65, 71, 72, 75, 76, 77, 78, 79, 80, 89, 90, 93, 94, 95, 96, 99, 102, 105, 108, 111, 114, 115, 118, 119, 122, 123, 125, 126, 127, 128, 131, 132, 133, 136, 137, 138, 139, 140, 143, 144, 145, 146, 149, 150, 151, 152, 155, 156, 159, 160, 162, 163, 165, 166, 168, 169, 170, 173, 174, 175, 176, 179, 180, 182, 183, 185, 186, 188, 189, 191, 192, 194, 197, 199, 200, 201, 202, 203, 204, 208, 209, 210, 211, 212, 215, 216, 218, 219, 221, 223, 224, 227, 228, 233, 236, 237, 238, 241, 242, 245, 248, 249, 252, 255, 256, 257, 258, 259, 262, 263, 265, 266, 268, 269, 270, 273, 274, 275, 276, 277, 278, 281, 285, 290, 291, 292, 295, 296, 299, 302, 303, 304, 307, 308, 311, 312, 313, 314, 317, 318, 321, 322, 323, 326, 327, 328, 331, 332, 335, 338, 339, 340, 341, 342, 343, 345, 347, 348, 349, 351, 388, 389, 391, 394], "excluded_lines": [], "functions": {"main": {"executed_lines": [], "summary": {"covered_lines": 0, "num_statements": 166, "percent_covered": 0.0, "percent_covered_display": "0", "missing_lines": 166, "excluded_lines": 0, "percent_statements_covered": 0.0, "percent_statements_covered_display": "0"}, "missing_lines": [57, 61, 64, 65, 71, 72, 75, 76, 77, 78, 79, 80, 89, 90, 93, 94, 95, 96, 99, 102, 105, 108, 111, 114, 115, 118, 119, 122, 123, 125, 126, 127, 128, 131, 132, 133, 136, 137, 138, 139, 140, 143, 144, 145, 146, 149, 150, 151, 152, 155, 156, 159, 160, 162, 163, 165, 166, 168, 169, 170, 173, 174, 175, 176, 179, 180, 182, 183, 185, 186, 188, 189, 191, 192, 194, 197, 199, 200, 201, 202, 203, 204, 208, 209, 210, 211, 212, 215, 216, 218, 219, 221, 223, 224, 227, 228, 233, 236, 237, 238, 241, 242, 245, 248, 249, 252, 255, 256, 257, 258, 259, 262, 263, 265, 266, 268, 269, 270, 273, 274, 275, 276, 277, 278, 281, 285, 290, 291, 292, 295, 296, 299, 302, 303, 304, 307, 308, 311, 312, 313, 314, 317, 318, 321, 322, 323, 326, 327, 328, 331, 332, 335, 338, 339, 340, 341, 342, 343, 345, 347, 348, 349, 351, 388, 389, 391], "excluded_lines": []}, "": {"executed_lines": [], "summary": {"covered_lines": 0, "num_statements": 5, "percent_covered": 0.0, "percent_covered_display": "0", "missing_lines": 5, "excluded_lines": 0, "percent_statements_covered": 0.0, "percent_statements_covered_display": "0"}, "missing_lines": [15, 16, 18, 55, 394], "excluded_lines": []}}, "classes": {"": {"executed_lines": [], "summary": {"covered_lines": 0, "num_statements": 171, "percent_covered": 0.0, "percent_covered_display": "0", "missing_lines": 171, "excluded_lines": 0, "percent_statements_covered": 0.0, "percent_statements_covered_display": "0"}, "missing_lines": [15, 16, 18, 55, 57, 61, 64, 65, 71, 72, 75, 76, 77, 78, 79, 80, 89, 90, 93, 94, 95, 96, 99, 102, 105, 108, 111, 114, 115, 118, 119, 122, 123, 125, 126, 127, 128, 131, 132, 133, 136, 137, 138, 139, 140, 143, 144, 145, 146, 149, 150, 151, 152, 155, 156, 159, 160, 162, 163, 165, 166, 168, 169, 170, 173, 174, 175, 176, 179, 180, 182, 183, 185, 186, 188, 189, 191, 192, 194, 197, 199, 200, 201, 202, 203, 204, 208, 209, 210, 211, 212, 215, 216, 218, 219, 221, 223, 224, 227, 228, 233, 236, 237, 238, 241, 242, 245, 248, 249, 252, 255, 256, 257, 258, 259, 262, 263, 265, 266, 268, 269, 270, 273, 274, 275, 276, 277, 278, 281, 285, 290, 291, 292, 295, 296, 299, 302, 303, 304, 307, 308, 311, 312, 313, 314, 317, 318, 321, 322, 323, 326, 327, 328, 331, 332, 335, 338, 339, 340, 341, 342, 343, 345, 347, 348, 349, 351, 388, 389, 391, 394], "excluded_lines": []}}}, "python/media_engine/cli/__main__.py": {"executed_lines": [], "summary": {"covered_lines": 0, "num_statements": 3, "percent_covered": 0.0, "percent_covered_display": "0", "missing_lines": 3, "excluded_lines": 0, "percent_statements_covered": 0.0, "percent_statements_covered_display": "0"}, "missing_lines": [3, 5, 6], "excluded_lines": [], "functions": {"": {"executed_lines": [], "summary": {"covered_lines": 0, "num_statements": 3, "percent_covered": 0.0, "percent_covered_display": "0", "missing_lines": 3, "excluded_lines": 0, "percent_statements_covered": 0.0, "percent_statements_covered_display": "0"}, "missing_lines": [3, 5, 6], "excluded_lines": []}}, "classes": {"": {"executed_lines": [], "summary": {"covered_lines": 0, "num_statements": 3, "percent_covered": 0.0, "percent_covered_display": "0", "missing_lines": 3, "excluded_lines": 0, "percent_statements_covered": 0.0, "percent_statements_covered_display": "0"}, "missing_lines": [3, 5, 6], "excluded_lines": []}}}, "python/media_engine/cli/commands/__init__.py": {"executed_lines": [], "summary": {"covered_lines": 0, "num_statements": 19, "percent_covered": 0.0, "percent_covered_display": "0", "missing_lines": 19, "excluded_lines": 0, "percent_statements_covered": 0.0, "percent_statements_covered_display": "0"}, "missing_lines": [3, 4, 5, 6, 7, 8, 9, 10, 22, 23, 24, 25, 26, 27, 28, 29, 30, 31, 33], "excluded_lines": [], "functions": {"": {"executed_lines": [], "summary": {"covered_lines": 0, "num_statements": 19, "percent_covered": 0.0, "percent_covered_display": "0", "missing_lines": 19, "excluded_lines": 0, "percent_statements_covered": 0.0, "percent_statements_covered_display": "0"}, "missing_lines": [3, 4, 5, 6, 7, 8, 9, 10, 22, 23, 24, 25, 26, 27, 28, 29, 30, 31, 33], "excluded_lines": []}}, "classes": {"": {"executed_lines": [], "summary": {"covered_lines": 0, "num_statements": 19, "percent_covered": 0.0, "percent_covered_display": "0", "missing_lines": 19, "excluded_lines": 0, "percent_statements_covered": 0.0, "percent_statements_covered_display": "0"}, "missing_lines": [3, 4, 5, 6, 7, 8, 9, 10, 22, 23, 24, 25, 26, 27, 28, 29, 30, 31, 33], "excluded_lines": []}}}, "python/media_engine/cli/commands/build.py": {"executed_lines": [], "summary": {"covered_lines": 0, "num_statements": 279, "percent_covered": 0.0, "percent_covered_display": "0", "missing_lines": 279, "excluded_lines": 0, "percent_statements_covered": 0.0, "percent_statements_covered_display": "0"}, "missing_lines": [3, 4, 5, 6, 8, 10, 11, 13, 16, 18, 19, 20, 21, 23, 26, 29, 30, 32, 38, 39, 40, 43, 45, 46, 47, 50, 51, 52, 53, 56, 57, 58, 59, 60, 61, 62, 64, 65, 66, 67, 68, 71, 72, 76, 77, 80, 82, 83, 85, 86, 87, 88, 89, 90, 91, 92, 93, 94, 95, 96, 97, 98, 99, 100, 102, 105, 107, 109, 112, 113, 114, 115, 117, 118, 120, 121, 122, 125, 128, 131, 133, 135, 137, 138, 139, 140, 142, 144, 146, 150, 151, 152, 153, 156, 157, 160, 162, 165, 166, 169, 170, 177, 178, 179, 180, 182, 184, 185, 186, 187, 190, 192, 193, 196, 198, 204, 206, 207, 210, 213, 214, 215, 218, 219, 220, 221, 222, 223, 226, 227, 237, 238, 239, 240, 242, 243, 246, 248, 250, 251, 252, 254, 255, 256, 258, 259, 261, 262, 263, 264, 265, 267, 268, 269, 270, 272, 273, 275, 278, 280, 283, 285, 286, 288, 289, 291, 292, 295, 297, 299, 300, 301, 303, 304, 305, 307, 308, 309, 311, 312, 313, 314, 317, 320, 321, 323, 326, 328, 330, 331, 332, 334, 335, 336, 339, 340, 341, 344, 345, 347, 348, 349, 351, 352, 353, 355, 358, 359, 360, 361, 364, 365, 366, 367, 368, 369, 371, 372, 376, 377, 378, 379, 380, 383, 391, 392, 393, 394, 395, 396, 397, 398, 399, 400, 402, 404, 405, 407, 410, 412, 414, 417, 418, 420, 434, 435, 445, 448, 450, 451, 453, 454, 456, 457, 460, 461, 462, 463, 465, 466, 467, 468, 469, 470, 471, 472, 475, 476, 478, 479, 481, 482, 484, 485, 487, 488, 489, 491, 493], "excluded_lines": [], "functions": {"cmd_build": {"executed_lines": [], "summary": {"covered_lines": 0, "num_statements": 36, "percent_covered": 0.0, "percent_covered_display": "0", "missing_lines": 36, "excluded_lines": 0, "percent_statements_covered": 0.0, "percent_statements_covered_display": "0"}, "missing_lines": [18, 19, 20, 21, 23, 26, 29, 30, 32, 38, 39, 40, 43, 45, 46, 47, 50, 51, 52, 53, 56, 57, 58, 59, 60, 61, 62, 64, 65, 66, 67, 68, 71, 72, 76, 77], "excluded_lines": []}, "_build_format": {"executed_lines": [], "summary": {"covered_lines": 0, "num_statements": 19, "percent_covered": 0.0, "percent_covered_display": "0", "missing_lines": 19, "excluded_lines": 0, "percent_statements_covered": 0.0, "percent_statements_covered_display": "0"}, "missing_lines": [82, 83, 85, 86, 87, 88, 89, 90, 91, 92, 93, 94, 95, 96, 97, 98, 99, 100, 102], "excluded_lines": []}, "_build_html": {"executed_lines": [], "summary": {"covered_lines": 0, "num_statements": 11, "percent_covered": 0.0, "percent_covered_display": "0", "missing_lines": 11, "excluded_lines": 0, "percent_statements_covered": 0.0, "percent_statements_covered_display": "0"}, "missing_lines": [107, 109, 112, 113, 114, 115, 117, 118, 120, 121, 122], "excluded_lines": []}, "_build_pdf": {"executed_lines": [], "summary": {"covered_lines": 0, "num_statements": 17, "percent_covered": 0.0, "percent_covered_display": "0", "missing_lines": 17, "excluded_lines": 0, "percent_statements_covered": 0.0, "percent_statements_covered_display": "0"}, "missing_lines": [128, 131, 133, 135, 137, 138, 139, 140, 142, 144, 146, 150, 151, 152, 153, 156, 157], "excluded_lines": []}, "_build_pptx": {"executed_lines": [], "summary": {"covered_lines": 0, "num_statements": 17, "percent_covered": 0.0, "percent_covered_display": "0", "missing_lines": 17, "excluded_lines": 0, "percent_statements_covered": 0.0, "percent_statements_covered_display": "0"}, "missing_lines": [162, 165, 166, 169, 170, 177, 178, 179, 180, 182, 184, 185, 186, 187, 190, 192, 193], "excluded_lines": []}, "_build_presentation_html": {"executed_lines": [], "summary": {"covered_lines": 0, "num_statements": 22, "percent_covered": 0.0, "percent_covered_display": "0", "missing_lines": 22, "excluded_lines": 0, "percent_statements_covered": 0.0, "percent_statements_covered_display": "0"}, "missing_lines": [198, 204, 206, 207, 210, 213, 214, 215, 218, 219, 220, 221, 222, 223, 226, 227, 237, 238, 239, 240, 242, 243], "excluded_lines": []}, "_build_demos": {"executed_lines": [], "summary": {"covered_lines": 0, "num_statements": 21, "percent_covered": 0.0, "percent_covered_display": "0", "missing_lines": 21, "excluded_lines": 0, "percent_statements_covered": 0.0, "percent_statements_covered_display": "0"}, "missing_lines": [248, 250, 251, 252, 254, 255, 256, 258, 259, 261, 262, 263, 264, 265, 267, 268, 269, 270, 272, 273, 275], "excluded_lines": []}, "_build_xlsx": {"executed_lines": [], "summary": {"covered_lines": 0, "num_statements": 8, "percent_covered": 0.0, "percent_covered_display": "0", "missing_lines": 8, "excluded_lines": 0, "percent_statements_covered": 0.0, "percent_statements_covered_display": "0"}, "missing_lines": [280, 283, 285, 286, 288, 289, 291, 292], "excluded_lines": []}, "_build_diagrams": {"executed_lines": [], "summary": {"covered_lines": 0, "num_statements": 18, "percent_covered": 0.0, "percent_covered_display": "0", "missing_lines": 18, "excluded_lines": 0, "percent_statements_covered": 0.0, "percent_statements_covered_display": "0"}, "missing_lines": [297, 299, 300, 301, 303, 304, 305, 307, 308, 309, 311, 312, 313, 314, 317, 320, 321, 323], "excluded_lines": []}, "_build_video": {"executed_lines": [], "summary": {"covered_lines": 0, "num_statements": 51, "percent_covered": 0.0, "percent_covered_display": "0", "missing_lines": 51, "excluded_lines": 0, "percent_statements_covered": 0.0, "percent_statements_covered_display": "0"}, "missing_lines": [328, 330, 331, 332, 334, 335, 336, 339, 340, 341, 344, 345, 347, 348, 349, 351, 352, 353, 355, 358, 359, 360, 361, 364, 365, 366, 367, 368, 369, 371, 372, 376, 377, 378, 379, 380, 383, 391, 392, 393, 394, 395, 396, 397, 398, 399, 400, 402, 404, 405, 407], "excluded_lines": []}, "_export_video_props_only": {"executed_lines": [], "summary": {"covered_lines": 0, "num_statements": 8, "percent_covered": 0.0, "percent_covered_display": "0", "missing_lines": 8, "excluded_lines": 0, "percent_statements_covered": 0.0, "percent_statements_covered_display": "0"}, "missing_lines": [412, 414, 417, 418, 420, 434, 435, 445], "excluded_lines": []}, "_check_provenance_warnings": {"executed_lines": [], "summary": {"covered_lines": 0, "num_statements": 31, "percent_covered": 0.0, "percent_covered_display": "0", "missing_lines": 31, "excluded_lines": 0, "percent_statements_covered": 0.0, "percent_statements_covered_display": "0"}, "missing_lines": [450, 451, 453, 454, 456, 457, 460, 461, 462, 463, 465, 466, 467, 468, 469, 470, 471, 472, 475, 476, 478, 479, 481, 482, 484, 485, 487, 488, 489, 491, 493], "excluded_lines": []}, "": {"executed_lines": [], "summary": {"covered_lines": 0, "num_statements": 20, "percent_covered": 0.0, "percent_covered_display": "0", "missing_lines": 20, "excluded_lines": 0, "percent_statements_covered": 0.0, "percent_statements_covered_display": "0"}, "missing_lines": [3, 4, 5, 6, 8, 10, 11, 13, 16, 80, 105, 125, 160, 196, 246, 278, 295, 326, 410, 448], "excluded_lines": []}}, "classes": {"": {"executed_lines": [], "summary": {"covered_lines": 0, "num_statements": 279, "percent_covered": 0.0, "percent_covered_display": "0", "missing_lines": 279, "excluded_lines": 0, "percent_statements_covered": 0.0, "percent_statements_covered_display": "0"}, "missing_lines": [3, 4, 5, 6, 8, 10, 11, 13, 16, 18, 19, 20, 21, 23, 26, 29, 30, 32, 38, 39, 40, 43, 45, 46, 47, 50, 51, 52, 53, 56, 57, 58, 59, 60, 61, 62, 64, 65, 66, 67, 68, 71, 72, 76, 77, 80, 82, 83, 85, 86, 87, 88, 89, 90, 91, 92, 93, 94, 95, 96, 97, 98, 99, 100, 102, 105, 107, 109, 112, 113, 114, 115, 117, 118, 120, 121, 122, 125, 128, 131, 133, 135, 137, 138, 139, 140, 142, 144, 146, 150, 151, 152, 153, 156, 157, 160, 162, 165, 166, 169, 170, 177, 178, 179, 180, 182, 184, 185, 186, 187, 190, 192, 193, 196, 198, 204, 206, 207, 210, 213, 214, 215, 218, 219, 220, 221, 222, 223, 226, 227, 237, 238, 239, 240, 242, 243, 246, 248, 250, 251, 252, 254, 255, 256, 258, 259, 261, 262, 263, 264, 265, 267, 268, 269, 270, 272, 273, 275, 278, 280, 283, 285, 286, 288, 289, 291, 292, 295, 297, 299, 300, 301, 303, 304, 305, 307, 308, 309, 311, 312, 313, 314, 317, 320, 321, 323, 326, 328, 330, 331, 332, 334, 335, 336, 339, 340, 341, 344, 345, 347, 348, 349, 351, 352, 353, 355, 358, 359, 360, 361, 364, 365, 366, 367, 368, 369, 371, 372, 376, 377, 378, 379, 380, 383, 391, 392, 393, 394, 395, 396, 397, 398, 399, 400, 402, 404, 405, 407, 410, 412, 414, 417, 418, 420, 434, 435, 445, 448, 450, 451, 453, 454, 456, 457, 460, 461, 462, 463, 465, 466, 467, 468, 469, 470, 471, 472, 475, 476, 478, 479, 481, 482, 484, 485, 487, 488, 489, 491, 493], "excluded_lines": []}}}, "python/media_engine/cli/commands/cache.py": {"executed_lines": [], "summary": {"covered_lines": 0, "num_statements": 29, "percent_covered": 0.0, "percent_covered_display": "0", "missing_lines": 29, "excluded_lines": 0, "percent_statements_covered": 0.0, "percent_statements_covered_display": "0"}, "missing_lines": [3, 5, 7, 9, 12, 14, 15, 16, 17, 19, 20, 21, 23, 24, 25, 28, 29, 30, 31, 33, 35, 36, 37, 38, 39, 40, 42, 44, 45], "excluded_lines": [], "functions": {"cmd_cache": {"executed_lines": [], "summary": {"covered_lines": 0, "num_statements": 24, "percent_covered": 0.0, "percent_covered_display": "0", "missing_lines": 24, "excluded_lines": 0, "percent_statements_covered": 0.0, "percent_statements_covered_display": "0"}, "missing_lines": [14, 15, 16, 17, 19, 20, 21, 23, 24, 25, 28, 29, 30, 31, 33, 35, 36, 37, 38, 39, 40, 42, 44, 45], "excluded_lines": []}, "": {"executed_lines": [], "summary": {"covered_lines": 0, "num_statements": 5, "percent_covered": 0.0, "percent_covered_display": "0", "missing_lines": 5, "excluded_lines": 0, "percent_statements_covered": 0.0, "percent_statements_covered_display": "0"}, "missing_lines": [3, 5, 7, 9, 12], "excluded_lines": []}}, "classes": {"": {"executed_lines": [], "summary": {"covered_lines": 0, "num_statements": 29, "percent_covered": 0.0, "percent_covered_display": "0", "missing_lines": 29, "excluded_lines": 0, "percent_statements_covered": 0.0, "percent_statements_covered_display": "0"}, "missing_lines": [3, 5, 7, 9, 12, 14, 15, 16, 17, 19, 20, 21, 23, 24, 25, 28, 29, 30, 31, 33, 35, 36, 37, 38, 39, 40, 42, 44, 45], "excluded_lines": []}}}, "python/media_engine/cli/commands/content.py": {"executed_lines": [], "summary": {"covered_lines": 0, "num_statements": 114, "percent_covered": 0.0, "percent_covered_display": "0", "missing_lines": 114, "excluded_lines": 0, "percent_statements_covered": 0.0, "percent_statements_covered_display": "0"}, "missing_lines": [3, 4, 5, 6, 8, 10, 12, 15, 17, 18, 19, 20, 22, 24, 25, 27, 28, 30, 31, 32, 33, 34, 35, 36, 38, 39, 40, 41, 42, 45, 47, 48, 49, 50, 52, 54, 55, 57, 58, 60, 61, 62, 63, 64, 65, 66, 68, 69, 70, 71, 74, 76, 77, 78, 79, 81, 83, 84, 86, 87, 89, 90, 91, 92, 93, 95, 96, 97, 98, 99, 100, 103, 105, 106, 107, 108, 110, 112, 113, 115, 116, 118, 119, 120, 121, 122, 123, 124, 126, 127, 129, 130, 131, 132, 133, 136, 137, 140, 142, 143, 144, 145, 147, 149, 150, 151, 152, 153, 155, 156, 158, 159, 160, 162], "excluded_lines": [], "functions": {"cmd_readability": {"executed_lines": [], "summary": {"covered_lines": 0, "num_statements": 21, "percent_covered": 0.0, "percent_covered_display": "0", "missing_lines": 21, "excluded_lines": 0, "percent_statements_covered": 0.0, "percent_statements_covered_display": "0"}, "missing_lines": [17, 18, 19, 20, 22, 24, 25, 27, 28, 30, 31, 32, 33, 34, 35, 36, 38, 39, 40, 41, 42], "excluded_lines": []}, "cmd_gaps": {"executed_lines": [], "summary": {"covered_lines": 0, "num_statements": 20, "percent_covered": 0.0, "percent_covered_display": "0", "missing_lines": 20, "excluded_lines": 0, "percent_statements_covered": 0.0, "percent_statements_covered_display": "0"}, "missing_lines": [47, 48, 49, 50, 52, 54, 55, 57, 58, 60, 61, 62, 63, 64, 65, 66, 68, 69, 70, 71], "excluded_lines": []}, "cmd_links": {"executed_lines": [], "summary": {"covered_lines": 0, "num_statements": 20, "percent_covered": 0.0, "percent_covered_display": "0", "missing_lines": 20, "excluded_lines": 0, "percent_statements_covered": 0.0, "percent_statements_covered_display": "0"}, "missing_lines": [76, 77, 78, 79, 81, 83, 84, 86, 87, 89, 90, 91, 92, 93, 95, 96, 97, 98, 99, 100], "excluded_lines": []}, "cmd_security": {"executed_lines": [], "summary": {"covered_lines": 0, "num_statements": 25, "percent_covered": 0.0, "percent_covered_display": "0", "missing_lines": 25, "excluded_lines": 0, "percent_statements_covered": 0.0, "percent_statements_covered_display": "0"}, "missing_lines": [105, 106, 107, 108, 110, 112, 113, 115, 116, 118, 119, 120, 121, 122, 123, 124, 126, 127, 129, 130, 131, 132, 133, 136, 137], "excluded_lines": []}, "cmd_changelog": {"executed_lines": [], "summary": {"covered_lines": 0, "num_statements": 16, "percent_covered": 0.0, "percent_covered_display": "0", "missing_lines": 16, "excluded_lines": 0, "percent_statements_covered": 0.0, "percent_statements_covered_display": "0"}, "missing_lines": [142, 143, 144, 145, 147, 149, 150, 151, 152, 153, 155, 156, 158, 159, 160, 162], "excluded_lines": []}, "": {"executed_lines": [], "summary": {"covered_lines": 0, "num_statements": 12, "percent_covered": 0.0, "percent_covered_display": "0", "missing_lines": 12, "excluded_lines": 0, "percent_statements_covered": 0.0, "percent_statements_covered_display": "0"}, "missing_lines": [3, 4, 5, 6, 8, 10, 12, 15, 45, 74, 103, 140], "excluded_lines": []}}, "classes": {"": {"executed_lines": [], "summary": {"covered_lines": 0, "num_statements": 114, "percent_covered": 0.0, "percent_covered_display": "0", "missing_lines": 114, "excluded_lines": 0, "percent_statements_covered": 0.0, "percent_statements_covered_display": "0"}, "missing_lines": [3, 4, 5, 6, 8, 10, 12, 15, 17, 18, 19, 20, 22, 24, 25, 27, 28, 30, 31, 32, 33, 34, 35, 36, 38, 39, 40, 41, 42, 45, 47, 48, 49, 50, 52, 54, 55, 57, 58, 60, 61, 62, 63, 64, 65, 66, 68, 69, 70, 71, 74, 76, 77, 78, 79, 81, 83, 84, 86, 87, 89, 90, 91, 92, 93, 95, 96, 97, 98, 99, 100, 103, 105, 106, 107, 108, 110, 112, 113, 115, 116, 118, 119, 120, 121, 122, 123, 124, 126, 127, 129, 130, 131, 132, 133, 136, 137, 140, 142, 143, 144, 145, 147, 149, 150, 151, 152, 153, 155, 156, 158, 159, 160, 162], "excluded_lines": []}}}, "python/media_engine/cli/commands/dashboard.py": {"executed_lines":
[...]
sing_lines": 0, "excluded_lines": 0, "percent_statements_covered": 100.0, "percent_statements_covered_display": "100"}, "missing_lines": [], "excluded_lines": []}, "register_quality_routes.get_validation": {"executed_lines": [49, 50, 52, 58], "summary": {"covered_lines": 4, "num_statements": 4, "percent_covered": 100.0, "percent_covered_display": "100", "missing_lines": 0, "excluded_lines": 0, "percent_statements_covered": 100.0, "percent_statements_covered_display": "100"}, "missing_lines": [], "excluded_lines": []}, "": {"executed_lines": [1, 5, 7, 14], "summary": {"covered_lines": 2, "num_statements": 2, "percent_covered": 100.0, "percent_covered_display": "100", "missing_lines": 0, "excluded_lines": 4, "percent_statements_covered": 100.0, "percent_statements_covered_display": "100"}, "missing_lines": [], "excluded_lines": [7, 8, 10, 11]}}, "classes": {"": {"executed_lines": [1, 5, 7, 14, 20, 21, 23, 24, 26, 27, 29, 46, 47, 49, 50, 52, 58], "summary": {"covered_lines": 15, "num_statements": 15, "percent_covered": 100.0, "percent_covered_display": "100", "missing_lines": 0, "excluded_lines": 4, "percent_statements_covered": 100.0, "percent_statements_covered_display": "100"}, "missing_lines": [], "excluded_lines": [7, 8, 10, 11]}}}, "python/media_engine/web/routes/registry.py": {"executed_lines": [1, 5, 7, 14, 20, 22, 23, 25, 27, 33, 34, 35, 40, 41, 72, 73, 75, 77, 159, 160, 161, 162, 164], "summary": {"covered_lines": 21, "num_statements": 34, "percent_covered": 61.76470588235294, "percent_covered_display": "62", "missing_lines": 13, "excluded_lines": 4, "percent_statements_covered": 61.76470588235294, "percent_statements_covered_display": "62"}, "missing_lines": [36, 37, 38, 43, 55, 56, 57, 58, 59, 60, 61, 62, 64], "excluded_lines": [7, 8, 10, 11], "functions": {"register_registry_routes": {"executed_lines": [20, 22, 23, 72, 73], "summary": {"covered_lines": 5, "num_statements": 5, "percent_covered": 100.0, "percent_covered_display": "100", "missing_lines": 0, "excluded_lines": 0, "percent_statements_covered": 100.0, "percent_statements_covered_display": "100"}, "missing_lines": [], "excluded_lines": []}, "register_registry_routes.get_document_registry": {"executed_lines": [25, 27, 33, 34, 35, 40, 41], "summary": {"covered_lines": 7, "num_statements": 20, "percent_covered": 35.0, "percent_covered_display": "35", "missing_lines": 13, "excluded_lines": 0, "percent_statements_covered": 35.0, "percent_statements_covered_display": "35"}, "missing_lines": [36, 37, 38, 43, 55, 56, 57, 58, 59, 60, 61, 62, 64], "excluded_lines": []}, "register_registry_routes.get_packs": {"executed_lines": [75, 77, 159, 160, 161, 162, 164], "summary": {"covered_lines": 7, "num_statements": 7, "percent_covered": 100.0, "percent_covered_display": "100", "missing_lines": 0, "excluded_lines": 0, "percent_statements_covered": 100.0, "percent_statements_covered_display": "100"}, "missing_lines": [], "excluded_lines": []}, "": {"executed_lines": [1, 5, 7, 14], "summary": {"covered_lines": 2, "num_statements": 2, "percent_covered": 100.0, "percent_covered_display": "100", "missing_lines": 0, "excluded_lines": 4, "percent_statements_covered": 100.0, "percent_statements_covered_display": "100"}, "missing_lines": [], "excluded_lines": [7, 8, 10, 11]}}, "classes": {"": {"executed_lines": [1, 5, 7, 14, 20, 22, 23, 25, 27, 33, 34, 35, 40, 41, 72, 73, 75, 77, 159, 160, 161, 162, 164], "summary": {"covered_lines": 21, "num_statements": 34, "percent_covered": 61.76470588235294, "percent_covered_display": "62", "missing_lines": 13, "excluded_lines": 4, "percent_statements_covered": 61.76470588235294, "percent_statements_covered_display": "62"}, "missing_lines": [36, 37, 38, 43, 55, 56, 57, 58, 59, 60, 61, 62, 64], "excluded_lines": [7, 8, 10, 11]}}}, "python/media_engine/web/routes/scene_notes.py": {"executed_lines": [1, 5, 6, 7, 8, 10, 17, 23, 25, 26, 28, 29, 32, 33, 35, 36, 38, 39, 40, 41, 45, 46, 48, 49, 50, 52, 53, 56, 57, 65, 66, 74, 76, 77, 80, 82, 84, 85, 108, 109, 111, 112, 114, 116, 118, 119, 122, 123, 124, 127, 128, 129, 130, 131, 133, 134, 135, 137, 138, 139, 140, 141, 142, 143, 145, 147, 149, 156, 157, 159, 160, 161, 162, 164, 165, 167, 171, 172, 173, 174, 175, 176, 177, 178, 182, 183, 184, 185, 187, 188, 189, 190, 198, 199, 204, 206, 207, 209], "summary": {"covered_lines": 96, "num_statements": 125, "percent_covered": 76.8, "percent_covered_display": "77", "missing_lines": 29, "excluded_lines": 4, "percent_statements_covered": 76.8, "percent_statements_covered_display": "77"}, "missing_lines": [42, 43, 58, 59, 60, 61, 62, 71, 72, 87, 88, 90, 91, 93, 94, 95, 96, 97, 98, 99, 100, 101, 102, 103, 104, 106, 168, 179, 180], "excluded_lines": [10, 11, 13, 14], "functions": {"register_scene_notes_routes": {"executed_lines": [23, 25, 26, 45, 46, 84, 85, 108, 109, 114, 145], "summary": {"covered_lines": 11, "num_statements": 11, "percent_covered": 100.0, "percent_covered_display": "100", "missing_lines": 0, "excluded_lines": 0, "percent_statements_covered": 100.0, "percent_statements_covered_display": "100"}, "missing_lines": [], "excluded_lines": []}, "register_scene_notes_routes.get_scene_notes": {"executed_lines": [28, 29, 32, 33, 35, 36, 38, 39, 40, 41], "summary": {"covered_lines": 10, "num_statements": 12, "percent_covered": 83.33333333333333, "percent_covered_display": "83", "missing_lines": 2, "excluded_lines": 0, "percent_statements_covered": 83.33333333333333, "percent_statements_covered_display": "83"}, "missing_lines": [42, 43], "excluded_lines": []}, "register_scene_notes_routes.save_scene_note": {"executed_lines": [48, 49, 50, 52, 53, 56, 57, 65, 66, 74, 76, 77, 80, 82], "summary": {"covered_lines": 14, "num_statements": 21, "percent_covered": 66.66666666666667, "percent_covered_display": "67", "missing_lines": 7, "excluded_lines": 0, "percent_statements_covered": 66.66666666666667, "percent_statements_covered_display": "67"}, "missing_lines": [58, 59, 60, 61, 62, 71, 72], "excluded_lines": []}, "register_scene_notes_routes.delete_scene_note": {"executed_lines": [], "summary": {"covered_lines": 0, "num_statements": 17, "percent_covered": 0.0, "percent_covered_display": "0", "missing_lines": 17, "excluded_lines": 0, "percent_statements_covered": 0.0, "percent_statements_covered_display": "0"}, "missing_lines": [87, 88, 90, 91, 93, 94, 95, 96, 97, 98, 99, 100, 101, 102, 103, 104, 106], "excluded_lines": []}, "register_scene_notes_routes.get_scene_notes_export": {"executed_lines": [111, 112], "summary": {"covered_lines": 2, "num_statements": 2, "percent_covered": 100.0, "percent_covered_display": "100", "missing_lines": 0, "excluded_lines": 0, "percent_statements_covered": 100.0, "percent_statements_covered_display": "100"}, "missing_lines": [], "excluded_lines": []}, "register_scene_notes_routes._update_scene_notes_export": {"executed_lines": [116, 118, 119, 122, 123, 124, 127, 128, 129, 130, 131, 133, 134, 135, 137, 138, 139, 140, 141, 142, 143], "summary": {"covered_lines": 21, "num_statements": 21, "percent_covered": 100.0, "percent_covered_display": "100", "missing_lines": 0, "excluded_lines": 0, "percent_statements_covered": 100.0, "percent_statements_covered_display": "100"}, "missing_lines": [], "excluded_lines": []}, "register_scene_notes_routes._generate_scene_notes_export": {"executed_lines": [147, 149, 156, 157, 159, 160, 161, 162, 164, 165, 167, 171, 172, 173, 174, 175, 176, 177, 178, 182, 183, 184, 185, 187, 188, 189, 190, 198, 199, 204, 206, 207, 209], "summary": {"covered_lines": 33, "num_statements": 36, "percent_covered": 91.66666666666667, "percent_covered_display": "92", "missing_lines": 3, "excluded_lines": 0, "percent_statements_covered": 91.66666666666667, "percent_statements_covered_display": "92"}, "missing_lines": [168, 179, 180], "excluded_lines": []}, "": {"executed_lines": [1, 5, 6, 7, 8, 10, 17], "summary": {"covered_lines": 5, "num_statements": 5, "percent_covered": 100.0, "percent_covered_display": "100", "missing_lines": 0, "excluded_lines": 4, "percent_statements_covered": 100.0, "percent_statements_covered_display": "100"}, "missing_lines": [], "excluded_lines": [10, 11, 13, 14]}}, "classes": {"": {"executed_lines": [1, 5, 6, 7, 8, 10, 17, 23, 25, 26, 28, 29, 32, 33, 35, 36, 38, 39, 40, 41, 45, 46, 48, 49, 50, 52, 53, 56, 57, 65, 66, 74, 76, 77, 80, 82, 84, 85, 108, 109, 111, 112, 114, 116, 118, 119, 122, 123, 124, 127, 128, 129, 130, 131, 133, 134, 135, 137, 138, 139, 140, 141, 142, 143, 145, 147, 149, 156, 157, 159, 160, 161, 162, 164, 165, 167, 171, 172, 173, 174, 175, 176, 177, 178, 182, 183, 184, 185, 187, 188, 189, 190, 198, 199, 204, 206, 207, 209], "summary": {"covered_lines": 96, "num_statements": 125, "percent_covered": 76.8, "percent_covered_display": "77", "missing_lines": 29, "excluded_lines": 4, "percent_statements_covered": 76.8, "percent_statements_covered_display": "77"}, "missing_lines": [42, 43, 58, 59, 60, 61, 62, 71, 72, 87, 88, 90, 91, 93, 94, 95, 96, 97, 98, 99, 100, 101, 102, 103, 104, 106, 168, 179, 180], "excluded_lines": [10, 11, 13, 14]}}}, "python/media_engine/web/routes/search.py": {"executed_lines": [1, 5, 7, 14, 20, 22, 23, 126, 127], "summary": {"covered_lines": 7, "num_statements": 70, "percent_covered": 10.0, "percent_covered_display": "10", "missing_lines": 63, "excluded_lines": 4, "percent_statements_covered": 10.0, "percent_statements_covered_display": "10"}, "missing_lines": [30, 32, 33, 35, 36, 37, 40, 42, 44, 45, 46, 47, 48, 49, 50, 52, 53, 54, 56, 57, 58, 61, 62, 64, 65, 66, 67, 70, 71, 72, 75, 76, 78, 79, 80, 81, 82, 83, 84, 85, 88, 89, 90, 91, 92, 93, 96, 97, 98, 99, 102, 107, 118, 120, 129, 131, 132, 134, 135, 136, 138, 142, 143], "excluded_lines": [7, 8, 10, 11], "functions": {"register_search_routes": {"executed_lines": [20, 22, 23, 126, 127], "summary": {"covered_lines": 5, "num_statements": 5, "percent_covered": 100.0, "percent_covered_display": "100", "missing_lines": 0, "excluded_lines": 0, "percent_statements_covered": 100.0, "percent_statements_covered_display": "100"}, "missing_lines": [], "excluded_lines": []}, "register_search_routes.search_content": {"executed_lines": [], "summary": {"covered_lines": 0, "num_statements": 54, "percent_covered": 0.0, "percent_covered_display": "0", "missing_lines": 54, "excluded_lines": 0, "percent_statements_covered": 0.0, "percent_statements_covered_display": "0"}, "missing_lines": [30, 32, 33, 35, 36, 37, 40, 42, 44, 45, 46, 47, 48, 49, 50, 52, 53, 54, 56, 57, 58, 61, 62, 64, 65, 66, 67, 70, 71, 72, 75, 76, 78, 79, 80, 81, 82, 83, 84, 85, 88, 89, 90, 91, 92, 93, 96, 97, 98, 99, 102, 107, 118, 120], "excluded_lines": []}, "register_search_routes.rebuild_search_index": {"executed_lines": [], "summary": {"covered_lines": 0, "num_statements": 9, "percent_covered": 0.0, "percent_covered_display": "0", "missing_lines": 9, "excluded_lines": 0, "percent_statements_covered": 0.0, "percent_statements_covered_display": "0"}, "missing_lines": [129, 131, 132, 134, 135, 136, 138, 142, 143], "excluded_lines": []}, "": {"executed_lines": [1, 5, 7, 14], "summary": {"covered_lines": 2, "num_statements": 2, "percent_covered": 100.0, "percent_covered_display": "100", "missing_lines": 0, "excluded_lines": 4, "percent_statements_covered": 100.0, "percent_statements_covered_display": "100"}, "missing_lines": [], "excluded_lines": [7, 8, 10, 11]}}, "classes": {"": {"executed_lines": [1, 5, 7, 14, 20, 22, 23, 126, 127], "summary": {"covered_lines": 7, "num_statements": 70, "percent_covered": 10.0, "percent_covered_display": "10", "missing_lines": 63, "excluded_lines": 4, "percent_statements_covered": 10.0, "percent_statements_covered_display": "10"}, "missing_lines": [30, 32, 33, 35, 36, 37, 40, 42, 44, 45, 46, 47, 48, 49, 50, 52, 53, 54, 56, 57, 58, 61, 62, 64, 65, 66, 67, 70, 71, 72, 75, 76, 78, 79, 80, 81, 82, 83, 84, 85, 88, 89, 90, 91, 92, 93, 96, 97, 98, 99, 102, 107, 118, 120, 129, 131, 132, 134, 135, 136, 138, 142, 143], "excluded_lines": [7, 8, 10, 11]}}}, "python/media_engine/web/routes/translations.py": {"executed_lines": [1, 5, 7, 14, 20, 21, 23, 24, 26, 27, 28, 30, 51, 52, 54, 55, 57, 58, 60, 61, 62, 63, 70, 71, 72, 77, 78, 79, 80, 81, 83, 84, 90, 95, 97], "summary": {"covered_lines": 33, "num_statements": 33, "percent_covered": 100.0, "percent_covered_display": "100", "missing_lines": 0, "excluded_lines": 4, "percent_statements_covered": 100.0, "percent_statements_covered_display": "100"}, "missing_lines": [], "excluded_lines": [7, 8, 10, 11], "functions": {"register_translation_routes": {"executed_lines": [20, 21, 23, 24, 51, 52], "summary": {"covered_lines": 6, "num_statements": 6, "percent_covered": 100.0, "percent_covered_display": "100", "missing_lines": 0, "excluded_lines": 0, "percent_statements_covered": 100.0, "percent_statements_covered_display": "100"}, "missing_lines": [], "excluded_lines": []}, "register_translation_routes.get_translations": {"executed_lines": [26, 27, 28, 30], "summary": {"covered_lines": 4, "num_statements": 4, "percent_covered": 100.0, "percent_covered_display": "100", "missing_lines": 0, "excluded_lines": 0, "percent_statements_covered": 100.0, "percent_statements_covered_display": "100"}, "missing_lines": [], "excluded_lines": []}, "register_translation_routes.get_translation_matrix": {"executed_lines": [54, 55, 57, 58, 60, 61, 62, 63, 70, 71, 72, 77, 78, 79, 80, 81, 83, 84, 90, 95, 97], "summary": {"covered_lines": 21, "num_statements": 21, "percent_covered": 100.0, "percent_covered_display": "100", "missing_lines": 0, "excluded_lines": 0, "percent_statements_covered": 100.0, "percent_statements_covered_display": "100"}, "missing_lines": [], "excluded_lines": []}, "": {"executed_lines": [1, 5, 7, 14], "summary": {"covered_lines": 2, "num_statements": 2, "percent_covered": 100.0, "percent_covered_display": "100", "missing_lines": 0, "excluded_lines": 4, "percent_statements_covered": 100.0, "percent_statements_covered_display": "100"}, "missing_lines": [], "excluded_lines": [7, 8, 10, 11]}}, "classes": {"": {"executed_lines": [1, 5, 7, 14, 20, 21, 23, 24, 26, 27, 28, 30, 51, 52, 54, 55, 57, 58, 60, 61, 62, 63, 70, 71, 72, 77, 78, 79, 80, 81, 83, 84, 90, 95, 97], "summary": {"covered_lines": 33, "num_statements": 33, "percent_covered": 100.0, "percent_covered_display": "100", "missing_lines": 0, "excluded_lines": 4, "percent_statements_covered": 100.0, "percent_statements_covered_display": "100"}, "missing_lines": [], "excluded_lines": [7, 8, 10, 11]}}}, "python/media_engine/web/routes/websocket.py": {"executed_lines": [1, 5, 6, 8, 15, 21, 23, 24], "summary": {"covered_lines": 6, "num_statements": 17, "percent_covered": 35.294117647058826, "percent_covered_display": "35", "missing_lines": 11, "excluded_lines": 4, "percent_statements_covered": 35.294117647058826, "percent_statements_covered_display": "35"}, "missing_lines": [26, 27, 28, 29, 31, 32, 38, 39, 50, 51, 52], "excluded_lines": [8, 9, 11, 12], "functions": {"register_websocket_routes": {"executed_lines": [21, 23, 24], "summary": {"covered_lines": 3, "num_statements": 3, "percent_covered": 100.0, "percent_covered_display": "100", "missing_lines": 0, "excluded_lines": 0, "percent_statements_covered": 100.0, "percent_statements_covered_display": "100"}, "missing_lines": [], "excluded_lines": []}, "register_websocket_routes.websocket_endpoint": {"executed_lines": [], "summary": {"covered_lines": 0, "num_statements": 11, "percent_covered": 0.0, "percent_covered_display": "0", "missing_lines": 11, "excluded_lines": 0, "percent_statements_covered": 0.0, "percent_statements_covered_display": "0"}, "missing_lines": [26, 27, 28, 29, 31, 32, 38, 39, 50, 51, 52], "excluded_lines": []}, "": {"executed_lines": [1, 5, 6, 8, 15], "summary": {"covered_lines": 3, "num_statements": 3, "percent_covered": 100.0, "percent_covered_display": "100", "missing_lines": 0, "excluded_lines": 4, "percent_statements_covered": 100.0, "percent_statements_covered_display": "100"}, "missing_lines": [], "excluded_lines": [8, 9, 11, 12]}}, "classes": {"": {"executed_lines": [1, 5, 6, 8, 15, 21, 23, 24], "summary": {"covered_lines": 6, "num_statements": 17, "percent_covered": 35.294117647058826, "percent_covered_display": "35", "missing_lines": 11, "excluded_lines": 4, "percent_statements_covered": 35.294117647058826, "percent_statements_covered_display": "35"}, "missing_lines": [26, 27, 28, 29, 31, 32, 38, 39, 50, 51, 52], "excluded_lines": [8, 9, 11, 12]}}}, "python/media_engine/web/websocket.py": {"executed_lines": [1, 5, 6, 8, 12, 13, 15, 16, 17, 19, 20, 21, 23, 32, 33, 34, 35, 36, 38, 39, 40, 41, 42, 43, 44, 46, 47, 48], "summary": {"covered_lines": 25, "num_statements": 25, "percent_covered": 100.0, "percent_covered_display": "100", "missing_lines": 0, "excluded_lines": 2, "percent_statements_covered": 100.0, "percent_statements_covered_display": "100"}, "missing_lines": [], "excluded_lines": [8, 9], "functions": {"ConnectionManager.__init__": {"executed_lines": [16, 17], "summary": {"covered_lines": 2, "num_statements": 2, "percent_covered": 100.0, "percent_covered_display": "100", "missing_lines": 0, "excluded_lines": 0, "percent_statements_covered": 100.0, "percent_statements_covered_display": "100"}, "missing_lines": [], "excluded_lines": []}, "ConnectionManager.connect": {"executed_lines": [20, 21, 23], "summary": {"covered_lines": 3, "num_statements": 3, "percent_covered": 100.0, "percent_covered_display": "100", "missing_lines": 0, "excluded_lines": 0, "percent_statements_covered": 100.0, "percent_statements_covered_display": "100"}, "missing_lines": [], "excluded_lines": []}, "ConnectionManager.disconnect": {"executed_lines": [33, 34, 35, 36], "summary": {"covered_lines": 4, "num_statements": 4, "percent_covered": 100.0, "percent_covered_display": "100", "missing_lines": 0, "excluded_lines": 0, "percent_statements_covered": 100.0, "percent_statements_covered_display": "100"}, "missing_lines": [], "excluded_lines": []}, "ConnectionManager.broadcast": {"executed_lines": [39, 40, 41, 42, 43, 44], "summary": {"covered_lines": 6, "num_statements": 6, "percent_covered": 100.0, "percent_covered_display": "100", "missing_lines": 0, "excluded_lines": 0, "percent_statements_covered": 100.0, "percent_statements_covered_display": "100"}, "missing_lines": [], "excluded_lines": []}, "ConnectionManager.update_cursor": {"executed_lines": [47, 48], "summary": {"covered_lines": 2, "num_statements": 2, "percent_covered": 100.0, "percent_covered_display": "100", "missing_lines": 0, "excluded_lines": 0, "percent_statements_covered": 100.0, "percent_statements_covered_display": "100"}, "missing_lines": [], "excluded_lines": []}, "": {"executed_lines": [1, 5, 6, 8, 12, 13, 15, 19, 32, 38, 46], "summary": {"covered_lines": 8, "num_statements": 8, "percent_covered": 100.0, "percent_covered_display": "100", "missing_lines": 0, "excluded_lines": 2, "percent_statements_covered": 100.0, "percent_statements_covered_display": "100"}, "missing_lines": [], "excluded_lines": [8, 9]}}, "classes": {"ConnectionManager": {"executed_lines": [16, 17, 20, 21, 23, 33, 34, 35, 36, 39, 40, 41, 42, 43, 44, 47, 48], "summary": {"covered_lines": 17, "num_statements": 17, "percent_covered": 100.0, "percent_covered_display": "100", "missing_lines": 0, "excluded_lines": 0, "percent_statements_covered": 100.0, "percent_statements_covered_display": "100"}, "missing_lines": [], "excluded_lines": []}, "": {"executed_lines": [1, 5, 6, 8, 12, 13, 15, 19, 32, 38, 46], "summary": {"covered_lines": 8, "num_statements": 8, "percent_covered": 100.0, "percent_covered_display": "100", "missing_lines": 0, "excluded_lines": 2, "percent_statements_covered": 100.0, "percent_statements_covered_display": "100"}, "missing_lines": [], "excluded_lines": [8, 9]}}}}, "totals": {"covered_lines": 7713, "num_statements": 15901, "percent_covered": 48.50638324633671, "percent_covered_display": "49", "missing_lines": 8188, "excluded_lines": 129, "percent_statements_covered": 48.50638324633671, "percent_statements_covered_display": "49"}}